<?xml version="1.0" encoding="UTF-8"?>
<!-- Generated by org.testng.reporters.JUnitReportReporter -->
<testsuite skipped="0" hostname="F_Jakovlevski" name="MozzartGermania.UplataBrzziTiket" tests="6" failures="0" timestamp="11 May 2020 07:39:21 GMT" time="42.013" errors="0">
  <testcase name="uplataBrzogTiketa3" time="15.380" classname="MozzartGermania.UplataBrzziTiket"/>
  <testcase name="uplataBrzogTiketaSingl" time="2.127" classname="MozzartGermania.UplataBrzziTiket"/>
  <testcase name="uplataBrzogTiketa" time="3.388" classname="MozzartGermania.UplataBrzziTiket"/>
  <testcase name="uplataBrzogTiketa1" time="7.727" classname="MozzartGermania.UplataBrzziTiket"/>
  <testcase name="uplataBrzogTiketa2" time="6.681" classname="MozzartGermania.UplataBrzziTiket"/>
  <testcase name="uplataBrzogSistemskogTiketa" time="6.710" classname="MozzartGermania.UplataBrzziTiket"/>
</testsuite> <!-- MozzartGermania.UplataBrzziTiket -->
