<?xml version="1.0" encoding="UTF-8"?>
<!-- Generated by org.testng.reporters.JUnitReportReporter -->
<testsuite skipped="0" hostname="F_Jakovlevski" name="MozzartGermania.TerminateBrowser" tests="1" failures="0" timestamp="25 May 2020 13:03:59 GMT" time="4.907" errors="0">
  <testcase name="teardown" time="4.907" classname="MozzartGermania.TerminateBrowser"/>
</testsuite> <!-- MozzartGermania.TerminateBrowser -->
