<?xml version="1.0" encoding="UTF-8"?>
<!-- Generated by org.testng.reporters.JUnitReportReporter -->
<testsuite skipped="0" hostname="F_Jakovlevski" name="MozzartMalta.LotoKodTiketa" tests="1" failures="0" timestamp="11 May 2020 13:26:31 GMT" time="3.483" errors="0">
  <testcase name="StatusLotoTiketa" time="3.483" classname="MozzartMalta.LotoKodTiketa"/>
</testsuite> <!-- MozzartMalta.LotoKodTiketa -->
