<?xml version="1.0" encoding="UTF-8"?>
<!-- Generated by org.testng.reporters.JUnitReportReporter -->
<testsuite skipped="0" hostname="F_Jakovlevski" name="MozzartMalta.UplataGrckiTomboTiket" tests="5" failures="0" timestamp="11 May 2020 13:26:31 GMT" time="63.633" errors="0">
  <testcase name="uplataLuckyGTiketa3" time="12.480" classname="MozzartMalta.UplataGrckiTomboTiket"/>
  <testcase name="uplataLuckyGTiketa2" time="12.338" classname="MozzartMalta.UplataGrckiTomboTiket"/>
  <testcase name="uplataLuckyGTiketa4" time="12.723" classname="MozzartMalta.UplataGrckiTomboTiket"/>
  <testcase name="uplataLuckyGTiketa1" time="12.874" classname="MozzartMalta.UplataGrckiTomboTiket"/>
  <testcase name="uplataLuckyGTiketaZaViseKola" time="13.218" classname="MozzartMalta.UplataGrckiTomboTiket"/>
</testsuite> <!-- MozzartMalta.UplataGrckiTomboTiket -->
