<?xml version="1.0" encoding="UTF-8"?>
<!-- Generated by org.testng.reporters.JUnitReportReporter -->
<testsuite skipped="0" hostname="F_Jakovlevski" name="MozzartRumunija.UplataLotoTiketa" tests="2" failures="0" timestamp="04 Sep 2019 11:40:57 GMT" time="207.072" errors="0">
  <testcase name="UplataGrckiLoto" time="117.635" classname="MozzartRumunija.UplataLotoTiketa"/>
  <testcase name="UplataItalijanskiloto" time="89.437" classname="MozzartRumunija.UplataLotoTiketa"/>
</testsuite> <!-- MozzartRumunija.UplataLotoTiketa -->
