<?xml version="1.0" encoding="UTF-8"?>
<!-- Generated by org.testng.reporters.JUnitReportReporter -->
<testsuite skipped="0" hostname="F_Jakovlevski" name="MozzartSrbija.UplataSistemskogTiketa" tests="1" failures="0" timestamp="01 Aug 2019 12:10:26 GMT" time="5.521" errors="0">
  <testcase name="Uplata" time="5.521" classname="MozzartSrbija.UplataSistemskogTiketa"/>
</testsuite> <!-- MozzartSrbija.UplataSistemskogTiketa -->
