<?xml version="1.0" encoding="UTF-8"?>
<!-- Generated by org.testng.reporters.JUnitReportReporter -->
<testsuite skipped="0" hostname="F_Jakovlevski" name="MozzartRumunija.UplataTiketa" tests="5" failures="0" timestamp="11 May 2020 10:08:12 GMT" time="61.298" errors="0">
  <testcase name="uplataTiket4" time="18.570" classname="MozzartRumunija.UplataTiketa"/>
  <testcase name="uplataSingla" time="16.049" classname="MozzartRumunija.UplataTiketa"/>
  <testcase name="uplataTiket2" time="6.821" classname="MozzartRumunija.UplataTiketa"/>
  <testcase name="uplataTiket1" time="9.728" classname="MozzartRumunija.UplataTiketa"/>
  <testcase name="uplataTiket3" time="10.130" classname="MozzartRumunija.UplataTiketa"/>
</testsuite> <!-- MozzartRumunija.UplataTiketa -->
