<?xml version="1.0" encoding="UTF-8"?>
<!-- Generated by org.testng.reporters.JUnitReportReporter -->
<testsuite skipped="0" hostname="F_Jakovlevski" name="MozzartRumunija.IsplataNaUm" tests="1" failures="0" timestamp="30 Jul 2019 12:06:23 GMT" time="182.748" errors="0">
  <testcase name="Isplata" time="182.748" classname="MozzartRumunija.IsplataNaUm"/>
</testsuite> <!-- MozzartRumunija.IsplataNaUm -->
