<?xml version="1.0" encoding="UTF-8"?>
<!-- Generated by org.testng.reporters.JUnitReportReporter -->
<testsuite skipped="0" hostname="F_Jakovlevski" name="MozzartSrbija.UplataBrzziTiket" tests="1" failures="0" timestamp="04 Sep 2019 12:09:37 GMT" time="5.774" errors="0">
  <testcase name="Uplata" time="5.774" classname="MozzartSrbija.UplataBrzziTiket"/>
</testsuite> <!-- MozzartSrbija.UplataBrzziTiket -->
