<?xml version="1.0" encoding="UTF-8"?>
<!-- Generated by org.testng.reporters.JUnitReportReporter -->
<testsuite skipped="0" hostname="F_Jakovlevski" name="MozzartSrbija.LotoKodTiketa" tests="1" failures="0" timestamp="25 May 2020 09:05:51 GMT" time="3.494" errors="0">
  <testcase name="lotoKodTiketa" time="3.494" classname="MozzartSrbija.LotoKodTiketa"/>
</testsuite> <!-- MozzartSrbija.LotoKodTiketa -->
