<?xml version="1.0" encoding="UTF-8"?>
<!-- Generated by org.testng.reporters.JUnitReportReporter -->
<testsuite skipped="0" hostname="F_Jakovlevski" name="MozzartRumunija.Login" tests="1" failures="0" timestamp="03 Sep 2019 11:12:23 GMT" time="43.288" errors="0">
  <testcase name="MozzartHomePage" time="43.288" classname="MozzartRumunija.Login"/>
</testsuite> <!-- MozzartRumunija.Login -->
