<?xml version="1.0" encoding="UTF-8"?>
<!-- Generated by org.testng.reporters.JUnitReportReporter -->
<testsuite skipped="0" hostname="F_Jakovlevski" name="MozzartGermania.IsplataNaTekuci" tests="1" failures="0" timestamp="29 Jul 2019 10:54:08 GMT" time="21.735" errors="0">
  <testcase name="Isplata" time="21.735" classname="MozzartGermania.IsplataNaTekuci"/>
</testsuite> <!-- MozzartGermania.IsplataNaTekuci -->
