<?xml version="1.0" encoding="UTF-8"?>
<!-- Generated by org.testng.reporters.JUnitReportReporter -->
<testsuite skipped="0" hostname="F_Jakovlevski" name="MozzartGermania.UplataLiveTiketa" tests="1" failures="0" timestamp="27 Apr 2020 14:54:43 GMT" time="16.688" errors="0">
  <testcase name="uplataLivebetTiketa" time="16.688" classname="MozzartGermania.UplataLiveTiketa"/>
</testsuite> <!-- MozzartGermania.UplataLiveTiketa -->
