<?xml version="1.0" encoding="UTF-8"?>
<!-- Generated by org.testng.reporters.JUnitReportReporter -->
<testsuite skipped="0" hostname="F_Jakovlevski" name="MozzartGermania.OibGenerator" tests="1" failures="0" timestamp="25 May 2020 09:48:56 GMT" time="11.817" errors="0">
  <testcase name="oib" time="11.817" classname="MozzartGermania.OibGenerator"/>
</testsuite> <!-- MozzartGermania.OibGenerator -->
