<?xml version="1.0" encoding="UTF-8"?>
<!-- Generated by org.testng.reporters.JUnitReportReporter -->
<testsuite skipped="0" hostname="F_Jakovlevski" name="MozzartSrbija.SetovanjeTekucegRacuna" tests="1" failures="0" timestamp="01 Aug 2019 11:35:38 GMT" time="4.612" errors="0">
  <testcase name="Setovanje" time="4.612" classname="MozzartSrbija.SetovanjeTekucegRacuna"/>
</testsuite> <!-- MozzartSrbija.SetovanjeTekucegRacuna -->
