<?xml version="1.0" encoding="UTF-8"?>
<!-- Generated by org.testng.reporters.JUnitReportReporter -->
<testsuite skipped="0" hostname="F_Jakovlevski" name="MozzartMalta.PregledTransakcija" tests="1" failures="0" timestamp="24 Jul 2019 13:27:34 GMT" time="12.508" errors="0">
  <testcase name="Transakcije" time="12.508" classname="MozzartMalta.PregledTransakcija"/>
</testsuite> <!-- MozzartMalta.PregledTransakcija -->
