<?xml version="1.0" encoding="UTF-8"?>
<!-- Generated by org.testng.reporters.JUnitReportReporter -->
<testsuite skipped="0" hostname="F_Jakovlevski" name="MozzartGermania.balans" tests="1" failures="0" timestamp="11 May 2020 08:19:50 GMT" time="10.816" errors="0">
  <testcase name="webBalans" time="10.816" classname="MozzartGermania.balans"/>
</testsuite> <!-- MozzartGermania.balans -->
