<?xml version="1.0" encoding="UTF-8"?>
<!-- Generated by org.testng.reporters.JUnitReportReporter -->
<testsuite skipped="0" hostname="F_Jakovlevski" name="MozzartGermania.PregledTransakcija" tests="1" failures="0" timestamp="29 Jul 2019 13:30:48 GMT" time="4.663" errors="0">
  <testcase name="Transakcije" time="4.663" classname="MozzartGermania.PregledTransakcija"/>
</testsuite> <!-- MozzartGermania.PregledTransakcija -->
