<?xml version="1.0" encoding="UTF-8"?>
<!-- Generated by org.testng.reporters.JUnitReportReporter -->
<testsuite skipped="0" hostname="F_Jakovlevski" name="MozzartMalta.PromenaPodataka" tests="1" failures="0" timestamp="04 Sep 2019 11:07:18 GMT" time="8.710" errors="0">
  <testcase name="PromenaPodataka" time="8.710" classname="MozzartMalta.PromenaPodataka"/>
</testsuite> <!-- MozzartMalta.PromenaPodataka -->
