<?xml version="1.0" encoding="UTF-8"?>
<!-- Generated by org.testng.reporters.JUnitReportReporter -->
<testsuite skipped="0" hostname="F_Jakovlevski" name="MozzartSrbija.SetovanjeTekucegRacuna" tests="1" failures="0" timestamp="22 May 2020 10:47:21 GMT" time="2.969" errors="0">
  <testcase name="setovanjeTekuceg" time="2.969" classname="MozzartSrbija.SetovanjeTekucegRacuna"/>
</testsuite> <!-- MozzartSrbija.SetovanjeTekucegRacuna -->
