<?xml version="1.0" encoding="UTF-8"?>
<!-- Generated by org.testng.reporters.JUnitReportReporter -->
<testsuite skipped="0" hostname="F_Jakovlevski" name="MozzartMalta.UplataSistemskogTiketa" tests="4" failures="0" timestamp="11 May 2020 13:23:47 GMT" time="67.193" errors="0">
  <testcase name="uplataSistemskogTiketa1" time="18.953" classname="MozzartMalta.UplataSistemskogTiketa"/>
  <testcase name="uplataSistemskogTiketa" time="7.065" classname="MozzartMalta.UplataSistemskogTiketa"/>
  <testcase name="uplataSistemskogTiketa2" time="28.956" classname="MozzartMalta.UplataSistemskogTiketa"/>
  <testcase name="uplataSistemskogTiketa3" time="12.219" classname="MozzartMalta.UplataSistemskogTiketa"/>
</testsuite> <!-- MozzartMalta.UplataSistemskogTiketa -->
