<?xml version="1.0" encoding="UTF-8"?>
<!-- Generated by org.testng.reporters.JUnitReportReporter -->
<testsuite skipped="0" hostname="F_Jakovlevski" name="MozzartRumunija.UplataBrzziTiket" tests="9" failures="0" timestamp="11 May 2020 10:08:12 GMT" time="83.526" errors="0">
  <testcase name="uplataSinglBrzogTiketa" time="4.514" classname="MozzartRumunija.UplataBrzziTiket"/>
  <testcase name="uplataBrzogTiketa2" time="7.896" classname="MozzartRumunija.UplataBrzziTiket"/>
  <testcase name="uplataBrzogTiketa4" time="13.437" classname="MozzartRumunija.UplataBrzziTiket"/>
  <testcase name="uplataBrzogTiketa1" time="5.647" classname="MozzartRumunija.UplataBrzziTiket"/>
  <testcase name="uplataBrzogTiketa3" time="11.222" classname="MozzartRumunija.UplataBrzziTiket"/>
  <testcase name="uplataBrzogSistemskogTiketa1" time="6.852" classname="MozzartRumunija.UplataBrzziTiket"/>
  <testcase name="uplataBrzogSistemskogTiketa" time="6.844" classname="MozzartRumunija.UplataBrzziTiket"/>
  <testcase name="uplataBrzogSistemskogTiketa2" time="13.569" classname="MozzartRumunija.UplataBrzziTiket"/>
  <testcase name="uplataBrzogSistemskogTiketa3" time="13.545" classname="MozzartRumunija.UplataBrzziTiket"/>
</testsuite> <!-- MozzartRumunija.UplataBrzziTiket -->
