<?xml version="1.0" encoding="UTF-8"?>
<!-- Generated by org.testng.reporters.JUnitReportReporter -->
<testsuite skipped="0" hostname="F_Jakovlevski" name="MozzartRumunija.PregledTransakcija" tests="1" failures="0" timestamp="11 May 2020 10:53:48 GMT" time="3.356" errors="0">
  <testcase name="transakcijeRumunija" time="3.356" classname="MozzartRumunija.PregledTransakcija"/>
</testsuite> <!-- MozzartRumunija.PregledTransakcija -->
