<?xml version="1.0" encoding="UTF-8"?>
<!-- Generated by org.testng.reporters.JUnitReportReporter -->
<testsuite skipped="0" hostname="F_Jakovlevski" name="MozzartRumunija.UploadDokumenta" tests="1" failures="0" timestamp="25 May 2020 13:31:30 GMT" time="2.985" errors="0">
  <testcase name="uploadDokumenta" time="2.985" classname="MozzartRumunija.UploadDokumenta"/>
</testsuite> <!-- MozzartRumunija.UploadDokumenta -->
