<?xml version="1.0" encoding="UTF-8"?>
<!-- Generated by org.testng.reporters.JUnitReportReporter -->
<testsuite skipped="0" hostname="F_Jakovlevski" name="MozzartRumunija.UplataVaucerTiket" tests="1" failures="0" timestamp="11 May 2020 10:24:27 GMT" time="18.486" errors="0">
  <testcase name="uplataVaucerTiketa" time="18.486" classname="MozzartRumunija.UplataVaucerTiket"/>
</testsuite> <!-- MozzartRumunija.UplataVaucerTiket -->
