<?xml version="1.0" encoding="UTF-8"?>
<!-- Generated by org.testng.reporters.JUnitReportReporter -->
<testsuite skipped="0" hostname="F_Jakovlevski" name="MozzartMalta.UplataLotoTiketa" tests="15" failures="0" timestamp="11 May 2020 13:26:31 GMT" time="41.678" errors="0">
  <testcase name="uplataGrckiloto" time="5.477" classname="MozzartMalta.UplataLotoTiketa"/>
  <testcase name="uplataGrckiloto3" time="2.523" classname="MozzartMalta.UplataLotoTiketa"/>
  <testcase name="uplataGrckiloto2" time="2.328" classname="MozzartMalta.UplataLotoTiketa"/>
  <testcase name="uplataGrckiloto1" time="2.929" classname="MozzartMalta.UplataLotoTiketa"/>
  <testcase name="uplataGrckilotoSistemski3" time="3.037" classname="MozzartMalta.UplataLotoTiketa"/>
  <testcase name="uplataGrckilotoSistemski5" time="3.201" classname="MozzartMalta.UplataLotoTiketa"/>
  <testcase name="uplataGrckilotoSistemski7" time="2.733" classname="MozzartMalta.UplataLotoTiketa"/>
  <testcase name="uplataGrckilotoSistemski2" time="3.056" classname="MozzartMalta.UplataLotoTiketa"/>
  <testcase name="uplataGrckilotoSistemski4" time="3.291" classname="MozzartMalta.UplataLotoTiketa"/>
  <testcase name="uplataGrckilotoSistemski6" time="2.714" classname="MozzartMalta.UplataLotoTiketa"/>
  <testcase name="uplataGrckilotoSistemski1" time="3.047" classname="MozzartMalta.UplataLotoTiketa"/>
  <testcase name="uplataGrckilotoSistemskiZaViseKola" time="3.776" classname="MozzartMalta.UplataLotoTiketa"/>
  <testcase name="uplataGrckilotoSingl1" time="0.961" classname="MozzartMalta.UplataLotoTiketa"/>
  <testcase name="uplataGrckilotoSingl" time="1.588" classname="MozzartMalta.UplataLotoTiketa"/>
  <testcase name="uplataGrckilotoSingl2" time="1.017" classname="MozzartMalta.UplataLotoTiketa"/>
</testsuite> <!-- MozzartMalta.UplataLotoTiketa -->
