<?xml version="1.0" encoding="UTF-8"?>
<!-- Generated by org.testng.reporters.JUnitReportReporter -->
<testsuite skipped="0" hostname="F_Jakovlevski" name="MozzartRumunija.UplataBrzziTiket" tests="1" failures="0" timestamp="30 Jul 2019 12:43:03 GMT" time="55.849" errors="0">
  <testcase name="Uplata" time="55.849" classname="MozzartRumunija.UplataBrzziTiket"/>
</testsuite> <!-- MozzartRumunija.UplataBrzziTiket -->
