<?xml version="1.0" encoding="UTF-8"?>
<!-- Generated by org.testng.reporters.JUnitReportReporter -->
<testsuite skipped="0" hostname="F_Jakovlevski" name="MozzartRumunija.PregledTransakcija" tests="1" failures="0" timestamp="04 Sep 2019 11:24:41 GMT" time="44.307" errors="0">
  <testcase name="Transakcije" time="44.307" classname="MozzartRumunija.PregledTransakcija"/>
</testsuite> <!-- MozzartRumunija.PregledTransakcija -->
