<?xml version="1.0" encoding="UTF-8"?>
<!-- Generated by org.testng.reporters.JUnitReportReporter -->
<testsuite skipped="0" hostname="F_Jakovlevski" name="MozzartSrbija.UplataGrckiTomboTiket" tests="1" failures="0" timestamp="03 Sep 2019 12:12:46 GMT" time="61.697" errors="0">
  <testcase name="Uplata" time="61.697" classname="MozzartSrbija.UplataGrckiTomboTiket"/>
</testsuite> <!-- MozzartSrbija.UplataGrckiTomboTiket -->
