<?xml version="1.0" encoding="UTF-8"?>
<!-- Generated by org.testng.reporters.JUnitReportReporter -->
<testsuite skipped="0" hostname="F_Jakovlevski" name="MozzartRumunija.IsplataNaUm" tests="1" failures="0" timestamp="25 May 2020 13:56:12 GMT" time="6.451" errors="0">
  <testcase name="isplataNaUplatnoMesto" time="6.451" classname="MozzartRumunija.IsplataNaUm"/>
</testsuite> <!-- MozzartRumunija.IsplataNaUm -->
