<?xml version="1.0" encoding="UTF-8"?>
<!-- Generated by org.testng.reporters.JUnitReportReporter -->
<testsuite skipped="0" hostname="F_Jakovlevski" name="MozzartMalta.UploadDokumenta" tests="1" failures="0" timestamp="04 Sep 2019 11:12:11 GMT" time="9.294" errors="0">
  <testcase name="UploadDokumenta" time="9.294" classname="MozzartMalta.UploadDokumenta"/>
</testsuite> <!-- MozzartMalta.UploadDokumenta -->
