<?xml version="1.0" encoding="UTF-8"?>
<!-- Generated by org.testng.reporters.JUnitReportReporter -->
<testsuite skipped="0" hostname="F_Jakovlevski" name="MozzartRumunija.TerminateBrowser" tests="2" failures="0" timestamp="12 May 2020 14:36:30 GMT" time="5.557" errors="0">
  <testcase name="teardown" time="4.918" classname="MozzartRumunija.TerminateBrowser"/>
  <testcase name="teardown" time="0.639" classname="MozzartRumunija.TerminateBrowser"/>
</testsuite> <!-- MozzartRumunija.TerminateBrowser -->
