<?xml version="1.0" encoding="UTF-8"?>
<!-- Generated by org.testng.reporters.JUnitReportReporter -->
<testsuite skipped="0" hostname="F_Jakovlevski" name="MozzartSrbija.TestAllLinks" tests="1" failures="0" timestamp="08 May 2020 13:59:30 GMT" time="42.977" errors="0">
  <testcase name="mozzartHomePage" time="42.977" classname="MozzartSrbija.TestAllLinks"/>
</testsuite> <!-- MozzartSrbija.TestAllLinks -->
