<?xml version="1.0" encoding="UTF-8"?>
<!-- Generated by org.testng.reporters.JUnitReportReporter -->
<testsuite skipped="0" hostname="F_Jakovlevski" name="MozzartRumunija.UplataTiketa" tests="1" failures="0" timestamp="03 Sep 2019 10:39:53 GMT" time="30.927" errors="0">
  <testcase name="Uplata" time="30.927" classname="MozzartRumunija.UplataTiketa"/>
</testsuite> <!-- MozzartRumunija.UplataTiketa -->
