<?xml version="1.0" encoding="UTF-8"?>
<!-- Generated by org.testng.reporters.JUnitReportReporter -->
<testsuite skipped="0" hostname="F_Jakovlevski" name="MozzartGermania.SlanjeZaVerifikaciju" tests="3" failures="0" timestamp="11 May 2020 08:13:49 GMT" time="86.992" errors="0">
  <testcase name="slanjeTiketaNaVerifikaciju" time="28.814" classname="MozzartGermania.SlanjeZaVerifikaciju"/>
  <testcase name="slanjeTiketaNaVerifikaciju" time="26.337" classname="MozzartGermania.SlanjeZaVerifikaciju"/>
  <testcase name="slanjeTiketaNaVerifikaciju" time="31.841" classname="MozzartGermania.SlanjeZaVerifikaciju"/>
</testsuite> <!-- MozzartGermania.SlanjeZaVerifikaciju -->
