<?xml version="1.0" encoding="UTF-8"?>
<!-- Generated by org.testng.reporters.JUnitReportReporter -->
<testsuite skipped="0" hostname="F_Jakovlevski" name="MozzartMalta.PromenaPassworda" tests="1" failures="0" timestamp="02 Sep 2019 09:13:56 GMT" time="3.689" errors="0">
  <testcase name="PromenaPassworda" time="3.689" classname="MozzartMalta.PromenaPassworda"/>
</testsuite> <!-- MozzartMalta.PromenaPassworda -->
