<?xml version="1.0" encoding="UTF-8"?>
<!-- Generated by org.testng.reporters.JUnitReportReporter -->
<testsuite skipped="0" hostname="F_Jakovlevski" name="MozzartSrbija.UplataGrckiTomboTiket" tests="1" failures="0" timestamp="04 Sep 2019 12:09:37 GMT" time="52.837" errors="0">
  <testcase name="Uplata" time="52.837" classname="MozzartSrbija.UplataGrckiTomboTiket"/>
</testsuite> <!-- MozzartSrbija.UplataGrckiTomboTiket -->
