<?xml version="1.0" encoding="UTF-8"?>
<!-- Generated by org.testng.reporters.JUnitReportReporter -->
<testsuite skipped="0" hostname="F_Jakovlevski" name="MozzartSrbija.MozzartProveraOmega" tests="1" failures="0" timestamp="31 Dec 2019 07:12:53 GMT" time="5.052" errors="0">
  <testcase name="casinoBalance" time="5.052" classname="MozzartSrbija.MozzartProveraOmega"/>
</testsuite> <!-- MozzartSrbija.MozzartProveraOmega -->
