<?xml version="1.0" encoding="UTF-8"?>
<!-- Generated by org.testng.reporters.JUnitReportReporter -->
<testsuite skipped="0" hostname="F_Jakovlevski" name="MozzartSrbija.Podaci_Baza" tests="2" failures="0" timestamp="02 Sep 2019 13:36:16 GMT" time="0.839" errors="0">
  <testcase name="ID" time="0.832" classname="MozzartSrbija.Podaci_Baza"/>
  <testcase name="Balance" time="0.007" classname="MozzartSrbija.Podaci_Baza"/>
</testsuite> <!-- MozzartSrbija.Podaci_Baza -->
