<?xml version="1.0" encoding="UTF-8"?>
<!-- Generated by org.testng.reporters.JUnitReportReporter -->
<testsuite skipped="0" hostname="F_Jakovlevski" name="MozzartSrbija.TransferNovca" tests="2" failures="0" timestamp="15 May 2020 13:40:13 GMT" time="5.020" errors="0">
  <testcase name="transfer" time="0.802" classname="MozzartSrbija.TransferNovca"/>
  <testcase name="brziTransfer" time="4.218" classname="MozzartSrbija.TransferNovca"/>
</testsuite> <!-- MozzartSrbija.TransferNovca -->
