<?xml version="1.0" encoding="UTF-8"?>
<!-- Generated by org.testng.reporters.JUnitReportReporter -->
<testsuite skipped="0" hostname="F_Jakovlevski" name="MozzartRumunija.TestAllLinks" tests="1" failures="0" timestamp="11 May 2020 10:54:14 GMT" time="17.849" errors="0">
  <testcase name="mozzartHomePage" time="17.849" classname="MozzartRumunija.TestAllLinks"/>
</testsuite> <!-- MozzartRumunija.TestAllLinks -->
