<?xml version="1.0" encoding="UTF-8"?>
<!-- Generated by org.testng.reporters.JUnitReportReporter -->
<testsuite skipped="0" hostname="F_Jakovlevski" name="MozzartSrbija.TerminateBrowser" tests="1" failures="0" timestamp="25 May 2020 09:05:51 GMT" time="4.668" errors="0">
  <testcase name="teardown" time="4.668" classname="MozzartSrbija.TerminateBrowser"/>
</testsuite> <!-- MozzartSrbija.TerminateBrowser -->
