<?xml version="1.0" encoding="UTF-8"?>
<!-- Generated by org.testng.reporters.JUnitReportReporter -->
<testsuite skipped="0" hostname="F_Jakovlevski" name="MozzartSrbija.StatusLotoTiketa" tests="1" failures="0" timestamp="08 May 2020 13:55:23 GMT" time="3.856" errors="0">
  <testcase name="statusLotoTiketa" time="3.856" classname="MozzartSrbija.StatusLotoTiketa"/>
</testsuite> <!-- MozzartSrbija.StatusLotoTiketa -->
