<?xml version="1.0" encoding="UTF-8"?>
<!-- Generated by org.testng.reporters.JUnitReportReporter -->
<testsuite skipped="0" hostname="F_Jakovlevski" name="MozzartSrbija.ZaboravljenaSifra" tests="1" failures="0" timestamp="14 Jan 2020 14:22:32 GMT" time="8.491" errors="0">
  <testcase name="forgotPassword" time="8.491" classname="MozzartSrbija.ZaboravljenaSifra"/>
</testsuite> <!-- MozzartSrbija.ZaboravljenaSifra -->
