<?xml version="1.0" encoding="UTF-8"?>
<!-- Generated by org.testng.reporters.JUnitReportReporter -->
<testsuite skipped="0" hostname="F_Jakovlevski" name="MozzartMalta.PotvrdaMaila" tests="1" failures="0" timestamp="04 Sep 2019 11:09:06 GMT" time="32.661" errors="0">
  <testcase name="PotvrdaMaila" time="32.661" classname="MozzartMalta.PotvrdaMaila"/>
</testsuite> <!-- MozzartMalta.PotvrdaMaila -->
