<?xml version="1.0" encoding="UTF-8"?>
<!-- Generated by org.testng.reporters.JUnitReportReporter -->
<testsuite skipped="0" hostname="F_Jakovlevski" name="MozzartMalta.Login" tests="1" failures="0" timestamp="11 May 2020 13:35:46 GMT" time="9.621" errors="0">
  <testcase name="mozzartHomePage" time="9.621" classname="MozzartMalta.Login"/>
</testsuite> <!-- MozzartMalta.Login -->
