<?xml version="1.0" encoding="UTF-8"?>
<!-- Generated by org.testng.reporters.JUnitReportReporter -->
<testsuite skipped="0" hostname="F_Jakovlevski" name="MozzartRumunija.PotvrdaMaila" tests="1" failures="0" timestamp="25 May 2020 13:27:59 GMT" time="24.001" errors="0">
  <testcase name="potvrdaMaila" time="24.001" classname="MozzartRumunija.PotvrdaMaila"/>
</testsuite> <!-- MozzartRumunija.PotvrdaMaila -->
