<?xml version="1.0" encoding="UTF-8"?>
<!-- Generated by org.testng.reporters.JUnitReportReporter -->
<testsuite skipped="0" hostname="F_Jakovlevski" name="MozzartSrbija.StatusSportskogTiketa" tests="1" failures="0" timestamp="08 May 2020 13:55:23 GMT" time="3.655" errors="0">
  <testcase name="statusSportskogTiketa" time="3.655" classname="MozzartSrbija.StatusSportskogTiketa"/>
</testsuite> <!-- MozzartSrbija.StatusSportskogTiketa -->
