<?xml version="1.0" encoding="UTF-8"?>
<!-- Generated by org.testng.reporters.JUnitReportReporter -->
<testsuite skipped="0" hostname="F_Jakovlevski" name="MozzartSrbija.PregledTransakcija" tests="1" failures="0" timestamp="03 Sep 2019 11:44:10 GMT" time="5.181" errors="0">
  <testcase name="Transakcije" time="5.181" classname="MozzartSrbija.PregledTransakcija"/>
</testsuite> <!-- MozzartSrbija.PregledTransakcija -->
