<?xml version="1.0" encoding="UTF-8"?>
<!-- Generated by org.testng.reporters.JUnitReportReporter -->
<testsuite skipped="0" hostname="F_Jakovlevski" name="MozzartSrbija.ZaboravljenaLozinka" tests="1" failures="0" timestamp="15 May 2020 13:55:03 GMT" time="9.749" errors="0">
  <testcase name="zaboravljenaSifra" time="9.749" classname="MozzartSrbija.ZaboravljenaLozinka"/>
</testsuite> <!-- MozzartSrbija.ZaboravljenaLozinka -->
