<?xml version="1.0" encoding="UTF-8"?>
<!-- Generated by org.testng.reporters.JUnitReportReporter -->
<testsuite skipped="0" hostname="F_Jakovlevski" name="MozzartMalta.UploadDokumenta" tests="1" failures="0" timestamp="23 Jul 2019 07:39:03 GMT" time="5.484" errors="0">
  <testcase name="UploadDokumenta" time="5.484" classname="MozzartMalta.UploadDokumenta"/>
</testsuite> <!-- MozzartMalta.UploadDokumenta -->
