<?xml version="1.0" encoding="UTF-8"?>
<!-- Generated by org.testng.reporters.JUnitReportReporter -->
<testsuite skipped="0" hostname="F_Jakovlevski" name="MozzartRumunija.Registracija" tests="1" failures="0" timestamp="25 May 2020 13:27:59 GMT" time="15.600" errors="0">
  <testcase name="registacija" time="15.600" classname="MozzartRumunija.Registracija"/>
</testsuite> <!-- MozzartRumunija.Registracija -->
