<?xml version="1.0" encoding="UTF-8"?>
<!-- Generated by org.testng.reporters.JUnitReportReporter -->
<testsuite skipped="0" hostname="F_Jakovlevski" name="MozzartGermania.PustanjeMecevaNaSajt" tests="2" failures="0" timestamp="27 May 2020 17:13:29 GMT" time="1.623" errors="0">
  <testcase name="iscitavanjeMecevaIzJson" time="0.013" classname="MozzartGermania.PustanjeMecevaNaSajt"/>
  <testcase name="pustanjeMecevaNaSajt" time="1.610" classname="MozzartGermania.PustanjeMecevaNaSajt"/>
</testsuite> <!-- MozzartGermania.PustanjeMecevaNaSajt -->
