<?xml version="1.0" encoding="UTF-8"?>
<!-- Generated by org.testng.reporters.JUnitReportReporter -->
<testsuite skipped="0" hostname="F_Jakovlevski" name="MozzartGermania.IzvlacenjePonude" tests="3" failures="0" timestamp="27 May 2020 17:13:29 GMT" time="0.228" errors="0">
  <testcase name="maxIdKola" time="0.130" classname="MozzartGermania.IzvlacenjePonude"/>
  <testcase name="meceviID" time="0.051" classname="MozzartGermania.IzvlacenjePonude"/>
  <testcase name="upisMecevauJson" time="0.047" classname="MozzartGermania.IzvlacenjePonude"/>
</testsuite> <!-- MozzartGermania.IzvlacenjePonude -->
