<?xml version="1.0" encoding="UTF-8"?>
<!-- Generated by org.testng.reporters.JUnitReportReporter -->
<testsuite skipped="0" hostname="F_Jakovlevski" name="MozzartSrbija.PotvrdaMaila" tests="1" failures="0" timestamp="22 May 2020 09:50:31 GMT" time="22.653" errors="0">
  <testcase name="potvrdaMaila" time="22.653" classname="MozzartSrbija.PotvrdaMaila"/>
</testsuite> <!-- MozzartSrbija.PotvrdaMaila -->
