<?xml version="1.0" encoding="UTF-8"?>
<!-- Generated by org.testng.reporters.JUnitReportReporter -->
<testsuite skipped="0" hostname="F_Jakovlevski" name="MozzartGermania.Podaci_Baza" tests="3" failures="0" timestamp="11 May 2020 11:44:48 GMT" time="0.302" errors="0">
  <testcase name="id" time="0.216" classname="MozzartGermania.Podaci_Baza"/>
  <testcase name="baseBalance" time="0.084" classname="MozzartGermania.Podaci_Baza"/>
  <testcase name="testBalance" time="0.002" classname="MozzartGermania.Podaci_Baza"/>
</testsuite> <!-- MozzartGermania.Podaci_Baza -->
