<?xml version="1.0" encoding="UTF-8"?>
<!-- Generated by org.testng.reporters.JUnitReportReporter -->
<testsuite skipped="0" hostname="F_Jakovlevski" name="MozzartGermania.IsplataNaUm" tests="1" failures="0" timestamp="29 Aug 2019 09:58:41 GMT" time="10.794" errors="0">
  <testcase name="Isplata" time="10.794" classname="MozzartGermania.IsplataNaUm"/>
</testsuite> <!-- MozzartGermania.IsplataNaUm -->
