<?xml version="1.0" encoding="UTF-8"?>
<!-- Generated by org.testng.reporters.JUnitReportReporter -->
<testsuite skipped="0" hostname="F_Jakovlevski" name="MozzartGermania.UplataLuckyGTiket" tests="1" failures="0" timestamp="04 Sep 2019 10:52:47 GMT" time="89.520" errors="0">
  <testcase name="Uplata" time="89.520" classname="MozzartGermania.UplataLuckyGTiket"/>
</testsuite> <!-- MozzartGermania.UplataLuckyGTiket -->
