<?xml version="1.0" encoding="UTF-8"?>
<!-- Generated by org.testng.reporters.JUnitReportReporter -->
<testsuite skipped="0" hostname="F_Jakovlevski" name="MozzartRumunija.UplataTiketa" tests="1" failures="0" timestamp="30 Jul 2019 12:43:03 GMT" time="87.195" errors="0">
  <testcase name="Uplata" time="87.195" classname="MozzartRumunija.UplataTiketa"/>
</testsuite> <!-- MozzartRumunija.UplataTiketa -->
