<?xml version="1.0" encoding="UTF-8"?>
<!-- Generated by org.testng.reporters.JUnitReportReporter -->
<testsuite skipped="0" hostname="F_Jakovlevski" name="MozzartMalta.Registracija" tests="1" failures="0" timestamp="11 May 2020 12:00:40 GMT" time="15.065" errors="0">
  <testcase name="registacija" time="15.065" classname="MozzartMalta.Registracija"/>
</testsuite> <!-- MozzartMalta.Registracija -->
