<?xml version="1.0" encoding="UTF-8"?>
<!-- Generated by org.testng.reporters.JUnitReportReporter -->
<testsuite skipped="0" hostname="F_Jakovlevski" name="MozzartMalta.UplataLucky6Tiketa" tests="7" failures="0" timestamp="27 Apr 2020 12:22:00 GMT" time="25.812" errors="0">
  <testcase name="uplataLucky6Kuglice5" time="2.747" classname="MozzartMalta.UplataLucky6Tiketa"/>
  <testcase name="uplataLucky6Kuglice" time="7.003" classname="MozzartMalta.UplataLucky6Tiketa"/>
  <testcase name="uplataLucky6Kuglice2" time="3.206" classname="MozzartMalta.UplataLucky6Tiketa"/>
  <testcase name="uplataLucky6Kuglice4" time="3.773" classname="MozzartMalta.UplataLucky6Tiketa"/>
  <testcase name="uplataLucky6Kuglice1" time="3.122" classname="MozzartMalta.UplataLucky6Tiketa"/>
  <testcase name="uplataLucky6Kuglice3" time="3.503" classname="MozzartMalta.UplataLucky6Tiketa"/>
  <testcase name="uplataLucky6ViseKola" time="2.458" classname="MozzartMalta.UplataLucky6Tiketa"/>
</testsuite> <!-- MozzartMalta.UplataLucky6Tiketa -->
