<?xml version="1.0" encoding="UTF-8"?>
<!-- Generated by org.testng.reporters.JUnitReportReporter -->
<testsuite skipped="0" hostname="F_Jakovlevski" name="MozzartGermania.IsplataNaTekuci" tests="1" failures="0" timestamp="25 May 2020 12:47:43 GMT" time="8.033" errors="0">
  <testcase name="isplataNaTekuci" time="8.033" classname="MozzartGermania.IsplataNaTekuci"/>
</testsuite> <!-- MozzartGermania.IsplataNaTekuci -->
