<?xml version="1.0" encoding="UTF-8"?>
<!-- Generated by org.testng.reporters.JUnitReportReporter -->
<testsuite skipped="0" hostname="F_Jakovlevski" name="MozzartSrbija.SlanjeZaVerifikaciju" tests="1" failures="0" timestamp="25 Jul 2019 13:08:39 GMT" time="25.211" errors="0">
  <testcase name="Uplata" time="25.211" classname="MozzartSrbija.SlanjeZaVerifikaciju"/>
</testsuite> <!-- MozzartSrbija.SlanjeZaVerifikaciju -->
