<?xml version="1.0" encoding="UTF-8"?>
<!-- Generated by org.testng.reporters.JUnitReportReporter -->
<testsuite skipped="0" hostname="F_Jakovlevski" name="MozzartSrbija.SetovanjeTekucegRacuna" tests="1" failures="0" timestamp="03 Sep 2019 11:49:10 GMT" time="4.508" errors="0">
  <testcase name="Setovanje" time="4.508" classname="MozzartSrbija.SetovanjeTekucegRacuna"/>
</testsuite> <!-- MozzartSrbija.SetovanjeTekucegRacuna -->
