<?xml version="1.0" encoding="UTF-8"?>
<!-- Generated by org.testng.reporters.JUnitReportReporter -->
<testsuite skipped="0" hostname="F_Jakovlevski" name="MozzartMalta.UplataTiketa" tests="5" failures="0" timestamp="11 May 2020 13:23:47 GMT" time="51.908" errors="0">
  <testcase name="uplataTiket4" time="15.077" classname="MozzartMalta.UplataTiketa"/>
  <testcase name="uplataTiket3" time="10.659" classname="MozzartMalta.UplataTiketa"/>
  <testcase name="uplataSingla" time="7.234" classname="MozzartMalta.UplataTiketa"/>
  <testcase name="uplataTiket1" time="8.298" classname="MozzartMalta.UplataTiketa"/>
  <testcase name="uplataTiket2" time="10.640" classname="MozzartMalta.UplataTiketa"/>
</testsuite> <!-- MozzartMalta.UplataTiketa -->
