<?xml version="1.0" encoding="UTF-8"?>
<!-- Generated by org.testng.reporters.JUnitReportReporter -->
<testsuite skipped="0" hostname="F_Jakovlevski" name="MozzartGermania.PotvrdaMaila" tests="1" failures="0" timestamp="04 Sep 2019 10:50:10 GMT" time="30.087" errors="0">
  <testcase name="PotvrdaMaila" time="30.087" classname="MozzartGermania.PotvrdaMaila"/>
</testsuite> <!-- MozzartGermania.PotvrdaMaila -->
