<?xml version="1.0" encoding="UTF-8"?>
<!-- Generated by org.testng.reporters.JUnitReportReporter -->
<testsuite skipped="0" hostname="F_Jakovlevski" name="MozzartSrbija.UplataVaucerTiket" tests="1" failures="0" timestamp="01 Aug 2019 12:39:25 GMT" time="17.069" errors="0">
  <testcase name="Uplata" time="17.069" classname="MozzartSrbija.UplataVaucerTiket"/>
</testsuite> <!-- MozzartSrbija.UplataVaucerTiket -->
