<?xml version="1.0" encoding="UTF-8"?>
<!-- Generated by org.testng.reporters.JUnitReportReporter -->
<testsuite skipped="0" hostname="F_Jakovlevski" name="MozzartGermania.ZaboravljenaLozinka" tests="1" failures="0" timestamp="11 May 2020 08:22:32 GMT" time="13.684" errors="0">
  <testcase name="zaboravljenaSifra" time="13.684" classname="MozzartGermania.ZaboravljenaLozinka"/>
</testsuite> <!-- MozzartGermania.ZaboravljenaLozinka -->
