<?xml version="1.0" encoding="UTF-8"?>
<!-- Generated by org.testng.reporters.JUnitReportReporter -->
<testsuite skipped="0" hostname="F_Jakovlevski" name="MozzartRumunija.UplataVaucerTiket" tests="1" failures="0" timestamp="30 Jul 2019 13:12:22 GMT" time="58.173" errors="0">
  <testcase name="Uplata" time="58.173" classname="MozzartRumunija.UplataVaucerTiket"/>
</testsuite> <!-- MozzartRumunija.UplataVaucerTiket -->
