<?xml version="1.0" encoding="UTF-8"?>
<!-- Generated by org.testng.reporters.JUnitReportReporter -->
<testsuite skipped="0" hostname="F_Jakovlevski" name="MozzartMalta.Login" tests="1" failures="0" timestamp="02 Sep 2019 13:25:03 GMT" time="10.019" errors="0">
  <testcase name="MozzartHomePage" time="10.019" classname="MozzartMalta.Login"/>
</testsuite> <!-- MozzartMalta.Login -->
