<?xml version="1.0" encoding="UTF-8"?>
<!-- Generated by org.testng.reporters.JUnitReportReporter -->
<testsuite skipped="0" hostname="F_Jakovlevski" name="MozzartGermania.PregledTransakcija" tests="1" failures="0" timestamp="29 Aug 2019 10:51:36 GMT" time="5.582" errors="0">
  <testcase name="Transakcije" time="5.582" classname="MozzartGermania.PregledTransakcija"/>
</testsuite> <!-- MozzartGermania.PregledTransakcija -->
