<?xml version="1.0" encoding="UTF-8"?>
<!-- Generated by org.testng.reporters.JUnitReportReporter -->
<testsuite skipped="0" hostname="F_Jakovlevski" name="MozzartMalta.PregledTransakcija" tests="1" failures="0" timestamp="02 Sep 2019 09:12:07 GMT" time="13.182" errors="0">
  <testcase name="Transakcije" time="13.182" classname="MozzartMalta.PregledTransakcija"/>
</testsuite> <!-- MozzartMalta.PregledTransakcija -->
