<?xml version="1.0" encoding="UTF-8"?>
<!-- Generated by org.testng.reporters.JUnitReportReporter -->
<testsuite skipped="0" hostname="F_Jakovlevski" name="MozzartMalta.Login" tests="1" failures="0" timestamp="24 Jul 2019 13:27:34 GMT" time="9.587" errors="0">
  <testcase name="MozzartHomePage" time="9.587" classname="MozzartMalta.Login"/>
</testsuite> <!-- MozzartMalta.Login -->
