<?xml version="1.0" encoding="UTF-8"?>
<!-- Generated by org.testng.reporters.JUnitReportReporter -->
<testsuite skipped="0" hostname="F_Jakovlevski" name="MozzartGermania.ProveraOmega" tests="1" failures="0" timestamp="11 May 2020 08:18:31 GMT" time="3.130" errors="0">
  <testcase name="casinoBalance" time="3.130" classname="MozzartGermania.ProveraOmega"/>
</testsuite> <!-- MozzartGermania.ProveraOmega -->
