<?xml version="1.0" encoding="UTF-8"?>
<!-- Generated by org.testng.reporters.JUnitReportReporter -->
<testsuite skipped="0" hostname="F_Jakovlevski" name="MozzartGermania.UplataTiketa" tests="1" failures="0" timestamp="28 Aug 2019 12:10:27 GMT" time="0.080" errors="0">
  <testcase name="Uplata" time="0.080" classname="MozzartGermania.UplataTiketa"/>
</testsuite> <!-- MozzartGermania.UplataTiketa -->
