<?xml version="1.0" encoding="UTF-8"?>
<!-- Generated by org.testng.reporters.JUnitReportReporter -->
<testsuite skipped="0" hostname="F_Jakovlevski" name="MozzartSrbija.balans" tests="1" failures="0" timestamp="02 Sep 2019 13:36:16 GMT" time="0.001" errors="0">
  <testcase name="balans1" time="0.001" classname="MozzartSrbija.balans"/>
</testsuite> <!-- MozzartSrbija.balans -->
