<?xml version="1.0" encoding="UTF-8"?>
<!-- Generated by org.testng.reporters.JUnitReportReporter -->
<testsuite skipped="0" hostname="F_Jakovlevski" name="MozzartSrbija.IsplataNaTekuci" tests="1" failures="0" timestamp="22 May 2020 10:47:52 GMT" time="5.308" errors="0">
  <testcase name="isplataNaTekuciRacun" time="5.308" classname="MozzartSrbija.IsplataNaTekuci"/>
</testsuite> <!-- MozzartSrbija.IsplataNaTekuci -->
