<?xml version="1.0" encoding="UTF-8"?>
<!-- Generated by org.testng.reporters.JUnitReportReporter -->
<testsuite skipped="0" hostname="F_Jakovlevski" name="MozzartSrbija.UploadDokumenta" tests="1" failures="0" timestamp="18 May 2020 13:48:16 GMT" time="5.832" errors="0">
  <testcase name="uploadDokumenta" time="5.832" classname="MozzartSrbija.UploadDokumenta"/>
</testsuite> <!-- MozzartSrbija.UploadDokumenta -->
