<?xml version="1.0" encoding="UTF-8"?>
<!-- Generated by org.testng.reporters.JUnitReportReporter -->
<testsuite skipped="0" hostname="F_Jakovlevski" name="MozzartGermania.Login" tests="1" failures="0" timestamp="02 Sep 2019 09:04:30 GMT" time="8.812" errors="0">
  <testcase name="MozzartHomePage" time="8.812" classname="MozzartGermania.Login"/>
</testsuite> <!-- MozzartGermania.Login -->
