<?xml version="1.0" encoding="UTF-8"?>
<!-- Generated by org.testng.reporters.JUnitReportReporter -->
<testsuite skipped="0" hostname="F_Jakovlevski" name="MozzartRumunija.UplataLotoTiketa" tests="2" failures="0" timestamp="03 Sep 2019 10:32:55 GMT" time="216.955" errors="0">
  <testcase name="UplataItalijanskiloto" time="89.381" classname="MozzartRumunija.UplataLotoTiketa"/>
  <testcase name="UplataGrckiLoto" time="127.574" classname="MozzartRumunija.UplataLotoTiketa"/>
</testsuite> <!-- MozzartRumunija.UplataLotoTiketa -->
