<?xml version="1.0" encoding="UTF-8"?>
<!-- Generated by org.testng.reporters.JUnitReportReporter -->
<testsuite skipped="0" hostname="F_Jakovlevski" name="MozzartSrbija.UplataTiketa" tests="1" failures="0" timestamp="03 Sep 2019 12:13:49 GMT" time="13.014" errors="0">
  <testcase name="Uplata" time="13.014" classname="MozzartSrbija.UplataTiketa"/>
</testsuite> <!-- MozzartSrbija.UplataTiketa -->
