<?xml version="1.0" encoding="UTF-8"?>
<!-- Generated by org.testng.reporters.JUnitReportReporter -->
<testsuite skipped="0" hostname="F_Jakovlevski" name="MozzartMalta.UploadDokumenta" tests="1" failures="0" timestamp="11 May 2020 13:24:18 GMT" time="1.780" errors="0">
  <testcase name="uploadDokumenta" time="1.780" classname="MozzartMalta.UploadDokumenta"/>
</testsuite> <!-- MozzartMalta.UploadDokumenta -->
