<?xml version="1.0" encoding="UTF-8"?>
<!-- Generated by org.testng.reporters.JUnitReportReporter -->
<testsuite skipped="0" hostname="F_Jakovlevski" name="MozzartRumunija.UplataSistemskogTiketa" tests="1" failures="0" timestamp="04 Sep 2019 11:42:59 GMT" time="20.626" errors="0">
  <testcase name="Uplata" time="20.626" classname="MozzartRumunija.UplataSistemskogTiketa"/>
</testsuite> <!-- MozzartRumunija.UplataSistemskogTiketa -->
