<?xml version="1.0" encoding="UTF-8"?>
<!-- Generated by org.testng.reporters.JUnitReportReporter -->
<testsuite skipped="0" hostname="F_Jakovlevski" name="MozzartRumunija.UplataSistemskogTiketa" tests="1" failures="0" timestamp="30 Jul 2019 12:43:03 GMT" time="50.752" errors="0">
  <testcase name="Uplata" time="50.752" classname="MozzartRumunija.UplataSistemskogTiketa"/>
</testsuite> <!-- MozzartRumunija.UplataSistemskogTiketa -->
