<?xml version="1.0" encoding="UTF-8"?>
<!-- Generated by org.testng.reporters.JUnitReportReporter -->
<testsuite skipped="0" hostname="F_Jakovlevski" name="MozzartRumunija.TransferNovca" tests="2" failures="0" timestamp="11 May 2020 10:30:56 GMT" time="4.615" errors="0">
  <testcase name="transfer" time="0.492" classname="MozzartRumunija.TransferNovca"/>
  <testcase name="brziTransfer" time="4.123" classname="MozzartRumunija.TransferNovca"/>
</testsuite> <!-- MozzartRumunija.TransferNovca -->
