<?xml version="1.0" encoding="UTF-8"?>
<!-- Generated by org.testng.reporters.JUnitReportReporter -->
<testsuite skipped="0" hostname="F_Jakovlevski" name="MozzartRumunija.UplataVaucerTiket" tests="1" failures="0" timestamp="04 Sep 2019 11:47:20 GMT" time="50.968" errors="0">
  <testcase name="Uplata" time="50.968" classname="MozzartRumunija.UplataVaucerTiket"/>
</testsuite> <!-- MozzartRumunija.UplataVaucerTiket -->
