<?xml version="1.0" encoding="UTF-8"?>
<!-- Generated by org.testng.reporters.JUnitReportReporter -->
<testsuite skipped="0" hostname="F_Jakovlevski" name="MozzartMalta.PotvrdaMaila" tests="1" failures="0" timestamp="02 Sep 2019 11:48:50 GMT" time="40.367" errors="0">
  <testcase name="PotvrdaMaila" time="40.367" classname="MozzartMalta.PotvrdaMaila"/>
</testsuite> <!-- MozzartMalta.PotvrdaMaila -->
