<?xml version="1.0" encoding="UTF-8"?>
<!-- Generated by org.testng.reporters.JUnitReportReporter -->
<testsuite skipped="0" hostname="F_Jakovlevski" name="MozzartSrbija.UplataLiveTiketa" tests="2" failures="0" timestamp="27 Apr 2020 14:51:19 GMT" time="21.996" errors="0">
  <testcase name="uplataLivebetTiketa" time="9.865" classname="MozzartSrbija.UplataLiveTiketa"/>
  <testcase name="uplataLivebetTiketa1" time="12.131" classname="MozzartSrbija.UplataLiveTiketa"/>
</testsuite> <!-- MozzartSrbija.UplataLiveTiketa -->
