<?xml version="1.0" encoding="UTF-8"?>
<!-- Generated by org.testng.reporters.JUnitReportReporter -->
<testsuite skipped="0" hostname="F_Jakovlevski" name="MozzartSrbija.IsplataNaUm" tests="1" failures="0" timestamp="26 May 2020 12:33:48 GMT" time="5.263" errors="0">
  <testcase name="isplataNaUplatnoMesto" time="5.263" classname="MozzartSrbija.IsplataNaUm"/>
</testsuite> <!-- MozzartSrbija.IsplataNaUm -->
