<?xml version="1.0" encoding="UTF-8"?>
<!-- Generated by org.testng.reporters.JUnitReportReporter -->
<testsuite skipped="0" hostname="F_Jakovlevski" name="MozzartGermania.IsplataNaUm" tests="1" failures="0" timestamp="29 Jul 2019 10:16:27 GMT" time="8.061" errors="0">
  <testcase name="Isplata" time="8.061" classname="MozzartGermania.IsplataNaUm"/>
</testsuite> <!-- MozzartGermania.IsplataNaUm -->
