<?xml version="1.0" encoding="UTF-8"?>
<!-- Generated by org.testng.reporters.JUnitReportReporter -->
<testsuite skipped="0" hostname="F_Jakovlevski" name="MozzartSrbija.UplataBrzziTiket" tests="1" failures="0" timestamp="01 Aug 2019 12:10:26 GMT" time="6.034" errors="0">
  <testcase name="Uplata" time="6.034" classname="MozzartSrbija.UplataBrzziTiket"/>
</testsuite> <!-- MozzartSrbija.UplataBrzziTiket -->
