<?xml version="1.0" encoding="UTF-8"?>
<!-- Generated by org.testng.reporters.JUnitReportReporter -->
<testsuite skipped="0" hostname="F_Jakovlevski" name="MozzartGermania.Registracija" tests="1" failures="0" timestamp="02 Sep 2019 10:32:29 GMT" time="18.157" errors="0">
  <testcase name="Registacija" time="18.157" classname="MozzartGermania.Registracija"/>
</testsuite> <!-- MozzartGermania.Registracija -->
