<?xml version="1.0" encoding="UTF-8"?>
<!-- Generated by org.testng.reporters.JUnitReportReporter -->
<testsuite skipped="0" hostname="F_Jakovlevski" name="MozzartRumunija.UplataTiketa" tests="1" failures="0" timestamp="04 Sep 2019 11:42:59 GMT" time="31.027" errors="0">
  <testcase name="Uplata" time="31.027" classname="MozzartRumunija.UplataTiketa"/>
</testsuite> <!-- MozzartRumunija.UplataTiketa -->
