<?xml version="1.0" encoding="UTF-8"?>
<!-- Generated by org.testng.reporters.JUnitReportReporter -->
<testsuite skipped="0" hostname="F_Jakovlevski" name="MozzartGermania.SportskiKodTiketa" tests="1" failures="0" timestamp="11 May 2020 08:14:49 GMT" time="4.876" errors="0">
  <testcase name="statusSportskogTiketa" time="4.876" classname="MozzartGermania.SportskiKodTiketa"/>
</testsuite> <!-- MozzartGermania.SportskiKodTiketa -->
