<?xml version="1.0" encoding="UTF-8"?>
<!-- Generated by org.testng.reporters.JUnitReportReporter -->
<testsuite skipped="0" hostname="F_Jakovlevski" name="MozzartMalta.IsplataNovca" tests="1" failures="0" timestamp="11 May 2020 13:35:46 GMT" time="10.956" errors="0">
  <testcase name="isplataNaSkrill" time="10.956" classname="MozzartMalta.IsplataNovca"/>
</testsuite> <!-- MozzartMalta.IsplataNovca -->
