<?xml version="1.0" encoding="UTF-8"?>
<!-- Generated by org.testng.reporters.JUnitReportReporter -->
<testsuite skipped="0" hostname="F_Jakovlevski" name="MozzartSrbija.SlanjeZaVerifikaciju" tests="3" failures="0" timestamp="08 May 2020 12:23:00 GMT" time="99.904" errors="0">
  <testcase name="slanjeTiketaZaVerifikaciju" time="30.799" classname="MozzartSrbija.SlanjeZaVerifikaciju"/>
  <testcase name="slanjeTiketaZaVerifikaciju" time="36.117" classname="MozzartSrbija.SlanjeZaVerifikaciju"/>
  <testcase name="slanjeTiketaZaVerifikaciju" time="32.988" classname="MozzartSrbija.SlanjeZaVerifikaciju"/>
</testsuite> <!-- MozzartSrbija.SlanjeZaVerifikaciju -->
