<?xml version="1.0" encoding="UTF-8"?>
<!-- Generated by org.testng.reporters.JUnitReportReporter -->
<testsuite skipped="0" hostname="F_Jakovlevski" name="MozzartRumunija.Podaci_Baza" tests="3" failures="0" timestamp="11 May 2020 11:49:54 GMT" time="0.156" errors="0">
  <testcase name="id" time="0.139" classname="MozzartRumunija.Podaci_Baza"/>
  <testcase name="balance" time="0.016" classname="MozzartRumunija.Podaci_Baza"/>
  <testcase name="testBalance" time="0.001" classname="MozzartRumunija.Podaci_Baza"/>
</testsuite> <!-- MozzartRumunija.Podaci_Baza -->
