<?xml version="1.0" encoding="UTF-8"?>
<!-- Generated by org.testng.reporters.JUnitReportReporter -->
<testsuite skipped="0" hostname="F_Jakovlevski" name="MozzartGermania.ProveraKazinoBalansa" tests="3" failures="0" timestamp="11 May 2020 08:18:31 GMT" time="10.108" errors="0">
  <testcase name="izvlacenjeBalansaIzJson" time="0.023" classname="MozzartGermania.ProveraKazinoBalansa"/>
  <testcase name="balansWeb" time="10.084" classname="MozzartGermania.ProveraKazinoBalansa"/>
  <testcase name="proveraBalansa" time="0.001" classname="MozzartGermania.ProveraKazinoBalansa"/>
</testsuite> <!-- MozzartGermania.ProveraKazinoBalansa -->
