<?xml version="1.0" encoding="UTF-8"?>
<!-- Generated by org.testng.reporters.JUnitReportReporter -->
<testsuite skipped="0" hostname="F_Jakovlevski" name="MozzartRumunija.IsplataNaTekuci" tests="1" failures="0" timestamp="30 Jul 2019 12:18:43 GMT" time="185.833" errors="0">
  <testcase name="Isplata" time="185.833" classname="MozzartRumunija.IsplataNaTekuci"/>
</testsuite> <!-- MozzartRumunija.IsplataNaTekuci -->
