<?xml version="1.0" encoding="UTF-8"?>
<!-- Generated by org.testng.reporters.JUnitReportReporter -->
<testsuite skipped="0" hostname="F_Jakovlevski" name="MozzartGermania.UplataVirtual" tests="2" failures="0" timestamp="11 May 2020 07:56:35 GMT" time="51.270" errors="0">
  <testcase name="uplataVirtualTiketa1" time="46.424" classname="MozzartGermania.UplataVirtual"/>
  <testcase name="uplataVirtualTiketa2" time="4.846" classname="MozzartGermania.UplataVirtual"/>
</testsuite> <!-- MozzartGermania.UplataVirtual -->
