<?xml version="1.0" encoding="UTF-8"?>
<!-- Generated by org.testng.reporters.JUnitReportReporter -->
<testsuite skipped="0" hostname="F_Jakovlevski" name="MozzartMalta.Registracija" tests="1" failures="0" timestamp="02 Sep 2019 11:48:50 GMT" time="14.369" errors="0">
  <testcase name="Registacija" time="14.369" classname="MozzartMalta.Registracija"/>
</testsuite> <!-- MozzartMalta.Registracija -->
