<?xml version="1.0" encoding="UTF-8"?>
<!-- Generated by org.testng.reporters.JUnitReportReporter -->
<testsuite skipped="0" hostname="F_Jakovlevski" name="MozzartSrbija.PregledTransakcija" tests="1" failures="0" timestamp="04 Sep 2019 11:54:23 GMT" time="5.054" errors="0">
  <testcase name="Transakcije" time="5.054" classname="MozzartSrbija.PregledTransakcija"/>
</testsuite> <!-- MozzartSrbija.PregledTransakcija -->
