<?xml version="1.0" encoding="UTF-8"?>
<!-- Generated by org.testng.reporters.JUnitReportReporter -->
<testsuite skipped="0" hostname="F_Jakovlevski" name="MozzartSrbija.UplataSistemskogTiketa" tests="4" failures="0" timestamp="25 May 2020 08:40:04 GMT" time="145.779" errors="0">
  <testcase name="uplataSistemskogTiketa1" time="24.830" classname="MozzartSrbija.UplataSistemskogTiketa"/>
  <testcase name="uplataSistemskogTiketa3" time="28.660" classname="MozzartSrbija.UplataSistemskogTiketa"/>
  <testcase name="uplataSistemskogTiketa" time="24.174" classname="MozzartSrbija.UplataSistemskogTiketa"/>
  <testcase name="uplataSistemskogTiketa2" time="68.115" classname="MozzartSrbija.UplataSistemskogTiketa"/>
</testsuite> <!-- MozzartSrbija.UplataSistemskogTiketa -->
