<?xml version="1.0" encoding="UTF-8"?>
<!-- Generated by org.testng.reporters.JUnitReportReporter -->
<testsuite skipped="0" hostname="F_Jakovlevski" name="MozzartSrbija.SlanjeZaVerifikaciju" tests="1" failures="0" timestamp="03 Sep 2019 11:59:53 GMT" time="33.149" errors="0">
  <testcase name="Uplata" time="33.149" classname="MozzartSrbija.SlanjeZaVerifikaciju"/>
</testsuite> <!-- MozzartSrbija.SlanjeZaVerifikaciju -->
