<?xml version="1.0" encoding="UTF-8"?>
<!-- Generated by org.testng.reporters.JUnitReportReporter -->
<testsuite skipped="0" hostname="F_Jakovlevski" name="MozzartMalta.UplataVirtual" tests="1" failures="0" timestamp="04 Sep 2019 11:11:23 GMT" time="10.285" errors="0">
  <testcase name="Uplata" time="10.285" classname="MozzartMalta.UplataVirtual"/>
</testsuite> <!-- MozzartMalta.UplataVirtual -->
