<?xml version="1.0" encoding="UTF-8"?>
<!-- Generated by org.testng.reporters.JUnitReportReporter -->
<testsuite skipped="0" hostname="F_Jakovlevski" name="MozzartMalta.TerminateBrowser" tests="1" failures="0" timestamp="11 May 2020 13:26:31 GMT" time="0.666" errors="0">
  <testcase name="teardown" time="0.666" classname="MozzartMalta.TerminateBrowser"/>
</testsuite> <!-- MozzartMalta.TerminateBrowser -->
