<?xml version="1.0" encoding="UTF-8"?>
<!-- Generated by org.testng.reporters.JUnitReportReporter -->
<testsuite skipped="0" hostname="F_Jakovlevski" name="MozzartSrbija.ProveraKazinoBalansa" tests="3" failures="0" timestamp="15 May 2020 13:40:50 GMT" time="8.723" errors="0">
  <testcase name="izvlacenjeBalansaIzJson" time="0.020" classname="MozzartSrbija.ProveraKazinoBalansa"/>
  <testcase name="balansWeb" time="8.701" classname="MozzartSrbija.ProveraKazinoBalansa"/>
  <testcase name="proveraBalansa" time="0.002" classname="MozzartSrbija.ProveraKazinoBalansa"/>
</testsuite> <!-- MozzartSrbija.ProveraKazinoBalansa -->
