<?xml version="1.0" encoding="UTF-8"?>
<!-- Generated by org.testng.reporters.JUnitReportReporter -->
<testsuite skipped="0" hostname="F_Jakovlevski" name="MozzartRumunija.UplataSistemskogTiketa" tests="4" failures="0" timestamp="11 May 2020 10:08:12 GMT" time="50.458" errors="0">
  <testcase name="uplataSistemskogTiketa1" time="8.015" classname="MozzartRumunija.UplataSistemskogTiketa"/>
  <testcase name="uplataSistemskogTiketa" time="6.415" classname="MozzartRumunija.UplataSistemskogTiketa"/>
  <testcase name="uplataSistemskogTiketa2" time="16.875" classname="MozzartRumunija.UplataSistemskogTiketa"/>
  <testcase name="uplataSistemskogTiketa3" time="19.153" classname="MozzartRumunija.UplataSistemskogTiketa"/>
</testsuite> <!-- MozzartRumunija.UplataSistemskogTiketa -->
