<?xml version="1.0" encoding="UTF-8"?>
<!-- Generated by org.testng.reporters.JUnitReportReporter -->
<testsuite skipped="0" hostname="F_Jakovlevski" name="MozzartMalta.Registracija" tests="1" failures="0" timestamp="04 Sep 2019 11:09:06 GMT" time="15.169" errors="0">
  <testcase name="Registacija" time="15.169" classname="MozzartMalta.Registracija"/>
</testsuite> <!-- MozzartMalta.Registracija -->
