<?xml version="1.0" encoding="UTF-8"?>
<!-- Generated by org.testng.reporters.JUnitReportReporter -->
<testsuite skipped="0" hostname="F_Jakovlevski" name="MozzartGermania.UplataTiketa" tests="5" failures="0" timestamp="11 May 2020 07:39:21 GMT" time="78.121" errors="0">
  <testcase name="uplataTiketa1" time="14.047" classname="MozzartGermania.UplataTiketa"/>
  <testcase name="uplataTiketa3" time="13.590" classname="MozzartGermania.UplataTiketa"/>
  <testcase name="uplataTiketa2" time="8.072" classname="MozzartGermania.UplataTiketa"/>
  <testcase name="uplataSingla" time="26.531" classname="MozzartGermania.UplataTiketa"/>
  <testcase name="uplataTiketa4" time="15.881" classname="MozzartGermania.UplataTiketa"/>
</testsuite> <!-- MozzartGermania.UplataTiketa -->
