<?xml version="1.0" encoding="UTF-8"?>
<!-- Generated by org.testng.reporters.JUnitReportReporter -->
<testsuite skipped="0" hostname="F_Jakovlevski" name="MozzartMalta.SportskiKodTiketa" tests="1" failures="0" timestamp="11 May 2020 13:23:47 GMT" time="3.752" errors="0">
  <testcase name="sportskiKodTiket" time="3.752" classname="MozzartMalta.SportskiKodTiketa"/>
</testsuite> <!-- MozzartMalta.SportskiKodTiketa -->
