<?xml version="1.0" encoding="UTF-8"?>
<!-- Generated by org.testng.reporters.JUnitReportReporter -->
<testsuite skipped="0" hostname="F_Jakovlevski" name="MozzartMalta.PromenaPodataka" tests="1" failures="0" timestamp="23 Jul 2019 07:30:34 GMT" time="3.598" errors="0">
  <testcase name="PromenaPodataka" time="3.598" classname="MozzartMalta.PromenaPodataka"/>
</testsuite> <!-- MozzartMalta.PromenaPodataka -->
