<?xml version="1.0" encoding="UTF-8"?>
<!-- Generated by org.testng.reporters.JUnitReportReporter -->
<testsuite skipped="0" hostname="F_Jakovlevski" name="MozzartRumunija.Login" tests="1" failures="0" timestamp="25 May 2020 13:56:12 GMT" time="9.984" errors="0">
  <testcase name="MozzartHomePage" time="9.984" classname="MozzartRumunija.Login"/>
</testsuite> <!-- MozzartRumunija.Login -->
