<?xml version="1.0" encoding="UTF-8"?>
<!-- Generated by org.testng.reporters.JUnitReportReporter -->
<testsuite skipped="0" hostname="F_Jakovlevski" name="MozzartSrbija.IzvlacenjePonude" tests="3" failures="0" timestamp="27 May 2020 17:13:02 GMT" time="0.439" errors="0">
  <testcase name="maxIdKola" time="0.157" classname="MozzartSrbija.IzvlacenjePonude"/>
  <testcase name="meceviID" time="0.230" classname="MozzartSrbija.IzvlacenjePonude"/>
  <testcase name="upisMecevauJson" time="0.052" classname="MozzartSrbija.IzvlacenjePonude"/>
</testsuite> <!-- MozzartSrbija.IzvlacenjePonude -->
