<?xml version="1.0" encoding="UTF-8"?>
<!-- Generated by org.testng.reporters.JUnitReportReporter -->
<testsuite skipped="0" hostname="F_Jakovlevski" name="MozzartRumunija.SlanjeZaVerifikaciju" tests="1" failures="0" timestamp="23 Apr 2020 07:53:25 GMT" time="32.956" errors="0">
  <testcase name="slanjeTiketaNaVerifikaciju" time="32.956" classname="MozzartRumunija.SlanjeZaVerifikaciju"/>
</testsuite> <!-- MozzartRumunija.SlanjeZaVerifikaciju -->
