<?xml version="1.0" encoding="UTF-8"?>
<!-- Generated by org.testng.reporters.JUnitReportReporter -->
<testsuite skipped="0" hostname="F_Jakovlevski" name="MozzartSrbija.PustanjeMecevaNaSajt" tests="2" failures="0" timestamp="27 May 2020 17:13:02 GMT" time="1.825" errors="0">
  <testcase name="iscitavanjeMecevaIzJson" time="0.012" classname="MozzartSrbija.PustanjeMecevaNaSajt"/>
  <testcase name="pustanjeMecevaNaSajt" time="1.813" classname="MozzartSrbija.PustanjeMecevaNaSajt"/>
</testsuite> <!-- MozzartSrbija.PustanjeMecevaNaSajt -->
