<?xml version="1.0" encoding="UTF-8"?>
<!-- Generated by org.testng.reporters.JUnitReportReporter -->
<testsuite skipped="0" hostname="F_Jakovlevski" name="MozzartSrbija.Podaci_Baza" tests="2" failures="0" timestamp="23 Jul 2019 08:44:06 GMT" time="2.096" errors="0">
  <testcase name="ID" time="2.087" classname="MozzartSrbija.Podaci_Baza"/>
  <testcase name="Balance" time="0.009" classname="MozzartSrbija.Podaci_Baza"/>
</testsuite> <!-- MozzartSrbija.Podaci_Baza -->
