<?xml version="1.0" encoding="UTF-8"?>
<!-- Generated by org.testng.reporters.JUnitReportReporter -->
<testsuite skipped="0" hostname="F_Jakovlevski" name="MozzartSrbija.UplataVaucerTiket" tests="1" failures="0" timestamp="15 May 2020 13:34:43 GMT" time="84.095" errors="0">
  <testcase name="uplataVaucerTiketa" time="84.095" classname="MozzartSrbija.UplataVaucerTiket"/>
</testsuite> <!-- MozzartSrbija.UplataVaucerTiket -->
