<?xml version="1.0" encoding="UTF-8"?>
<!-- Generated by org.testng.reporters.JUnitReportReporter -->
<testsuite skipped="0" hostname="F_Jakovlevski" name="MozzartRumunija.IzvlacenjePonude" tests="3" failures="0" timestamp="27 May 2020 17:13:11 GMT" time="0.238" errors="0">
  <testcase name="maxIdKola" time="0.152" classname="MozzartRumunija.IzvlacenjePonude"/>
  <testcase name="meceviID" time="0.046" classname="MozzartRumunija.IzvlacenjePonude"/>
  <testcase name="upisMecevauJson" time="0.040" classname="MozzartRumunija.IzvlacenjePonude"/>
</testsuite> <!-- MozzartRumunija.IzvlacenjePonude -->
