<?xml version="1.0" encoding="UTF-8"?>
<!-- Generated by org.testng.reporters.JUnitReportReporter -->
<testsuite skipped="0" hostname="F_Jakovlevski" name="MozzartSrbija.IsplataNaTekuci" tests="1" failures="0" timestamp="01 Aug 2019 11:36:16 GMT" time="21.046" errors="0">
  <testcase name="Isplata" time="21.046" classname="MozzartSrbija.IsplataNaTekuci"/>
</testsuite> <!-- MozzartSrbija.IsplataNaTekuci -->
