<?xml version="1.0" encoding="UTF-8"?>
<!-- Generated by org.testng.reporters.JUnitReportReporter -->
<testsuite skipped="0" hostname="F_Jakovlevski" name="MozzartMalta.PustanjeMecevaNaSajt" tests="2" failures="0" timestamp="27 May 2020 17:13:19 GMT" time="1.506" errors="0">
  <testcase name="iscitavanjeMecevaIzJson" time="0.010" classname="MozzartMalta.PustanjeMecevaNaSajt"/>
  <testcase name="pustanjeMecevaNaSajt" time="1.496" classname="MozzartMalta.PustanjeMecevaNaSajt"/>
</testsuite> <!-- MozzartMalta.PustanjeMecevaNaSajt -->
