<?xml version="1.0" encoding="UTF-8"?>
<!-- Generated by org.testng.reporters.JUnitReportReporter -->
<testsuite skipped="0" hostname="F_Jakovlevski" name="MozzartGermania.IsplataNaTekuci" tests="1" failures="0" timestamp="29 Aug 2019 08:55:55 GMT" time="22.364" errors="0">
  <testcase name="Isplata" time="22.364" classname="MozzartGermania.IsplataNaTekuci"/>
</testsuite> <!-- MozzartGermania.IsplataNaTekuci -->
