<?xml version="1.0" encoding="UTF-8"?>
<!-- Generated by org.testng.reporters.JUnitReportReporter -->
<testsuite skipped="0" hostname="F_Jakovlevski" name="MozzartSrbija.KazinoIgre" tests="1" failures="0" timestamp="26 May 2020 11:50:57 GMT" time="131.143" errors="0">
  <testcase name="kazinoIgranje" time="131.143" classname="MozzartSrbija.KazinoIgre"/>
</testsuite> <!-- MozzartSrbija.KazinoIgre -->
