<?xml version="1.0" encoding="UTF-8"?>
<!-- Generated by org.testng.reporters.JUnitReportReporter -->
<testsuite skipped="0" hostname="F_Jakovlevski" name="MozzartSrbija.JMBG" tests="1" failures="0" timestamp="11 Mar 2020 14:40:46 GMT" time="0.025" errors="0">
  <testcase name="jmbg" time="0.025" classname="MozzartSrbija.JMBG"/>
</testsuite> <!-- MozzartSrbija.JMBG -->
