<?xml version="1.0" encoding="UTF-8"?>
<!-- Generated by org.testng.reporters.JUnitReportReporter -->
<testsuite skipped="0" hostname="F_Jakovlevski" name="MozzartRumunija.ProveraOmega" tests="1" failures="0" timestamp="11 May 2020 10:52:28 GMT" time="3.229" errors="0">
  <testcase name="casinoBalance" time="3.229" classname="MozzartRumunija.ProveraOmega"/>
</testsuite> <!-- MozzartRumunija.ProveraOmega -->
