<?xml version="1.0" encoding="UTF-8"?>
<!-- Generated by org.testng.reporters.JUnitReportReporter -->
<testsuite skipped="0" hostname="F_Jakovlevski" name="MozzartRumunija.LotoKodTiketa" tests="1" failures="0" timestamp="12 May 2020 14:36:30 GMT" time="3.460" errors="0">
  <testcase name="lotoKodTiketa" time="3.460" classname="MozzartRumunija.LotoKodTiketa"/>
</testsuite> <!-- MozzartRumunija.LotoKodTiketa -->
