<?xml version="1.0" encoding="UTF-8"?>
<!-- Generated by org.testng.reporters.JUnitReportReporter -->
<testsuite skipped="0" hostname="F_Jakovlevski" name="MozzartGermania.UplataLotoTiketa" tests="1" failures="0" timestamp="02 Sep 2019 09:04:30 GMT" time="28.507" errors="0">
  <testcase name="UplataGrckiloto" time="28.507" classname="MozzartGermania.UplataLotoTiketa"/>
</testsuite> <!-- MozzartGermania.UplataLotoTiketa -->
