<?xml version="1.0" encoding="UTF-8"?>
<!-- Generated by org.testng.reporters.JUnitReportReporter -->
<testsuite skipped="0" hostname="F_Jakovlevski" name="MozzartSrbija.ProveraOmega" tests="1" failures="0" timestamp="15 May 2020 13:40:50 GMT" time="2.818" errors="0">
  <testcase name="casinoBalance" time="2.818" classname="MozzartSrbija.ProveraOmega"/>
</testsuite> <!-- MozzartSrbija.ProveraOmega -->
