<?xml version="1.0" encoding="UTF-8"?>
<!-- Generated by org.testng.reporters.JUnitReportReporter -->
<testsuite skipped="0" hostname="F_Jakovlevski" name="MozzartSrbija.PromenaKorisnickihPodataka" tests="1" failures="0" timestamp="15 May 2020 13:53:13 GMT" time="4.139" errors="0">
  <testcase name="promenaPodataka" time="4.139" classname="MozzartSrbija.PromenaKorisnickihPodataka"/>
</testsuite> <!-- MozzartSrbija.PromenaKorisnickihPodataka -->
