<?xml version="1.0" encoding="UTF-8"?>
<!-- Generated by org.testng.reporters.JUnitReportReporter -->
<testsuite skipped="0" hostname="F_Jakovlevski" name="MozzartSrbija.SportskiKodTiketa" tests="1" failures="0" timestamp="25 May 2020 08:40:04 GMT" time="2.820" errors="0">
  <testcase name="sportskiKodTiket" time="2.820" classname="MozzartSrbija.SportskiKodTiketa"/>
</testsuite> <!-- MozzartSrbija.SportskiKodTiketa -->
