<?xml version="1.0" encoding="UTF-8"?>
<!-- Generated by org.testng.reporters.JUnitReportReporter -->
<testsuite skipped="0" hostname="F_Jakovlevski" name="MozzartRumunija.StatusSportskogTiketa" tests="1" failures="0" timestamp="16 Apr 2020 07:03:53 GMT" time="4.083" errors="0">
  <testcase name="statusSportskogTiketa" time="4.083" classname="MozzartRumunija.StatusSportskogTiketa"/>
</testsuite> <!-- MozzartRumunija.StatusSportskogTiketa -->
