<?xml version="1.0" encoding="UTF-8"?>
<!-- Generated by org.testng.reporters.JUnitReportReporter -->
<testsuite skipped="0" hostname="F_Jakovlevski" name="MozzartMalta.UplataNovca" tests="1" failures="0" timestamp="11 May 2020 13:14:14 GMT" time="10.531" errors="0">
  <testcase name="uplataNovca" time="10.531" classname="MozzartMalta.UplataNovca"/>
</testsuite> <!-- MozzartMalta.UplataNovca -->
