<?xml version="1.0" encoding="UTF-8"?>
<!-- Generated by org.testng.reporters.JUnitReportReporter -->
<testsuite skipped="0" hostname="F_Jakovlevski" name="MozzartMalta.SlanjeZaVerifikaciju" tests="1" failures="0" timestamp="23 Apr 2020 07:50:20 GMT" time="33.933" errors="0">
  <testcase name="slanjeTiketaNaVerifikaciju" time="33.933" classname="MozzartMalta.SlanjeZaVerifikaciju"/>
</testsuite> <!-- MozzartMalta.SlanjeZaVerifikaciju -->
