<?xml version="1.0" encoding="UTF-8"?>
<!-- Generated by org.testng.reporters.JUnitReportReporter -->
<testsuite skipped="0" hostname="F_Jakovlevski" name="MozzartRumunija.IsplataNaTekuci" tests="5" failures="0" timestamp="12 May 2020 14:26:49 GMT" time="6.771" errors="0">
  <testcase name="isplataNaSkrillod700" time="1.150" classname="MozzartRumunija.IsplataNaTekuci"/>
  <testcase name="isplataNaSkrillod400" time="1.973" classname="MozzartRumunija.IsplataNaTekuci"/>
  <testcase name="isplataNaSkrillod500" time="1.302" classname="MozzartRumunija.IsplataNaTekuci"/>
  <testcase name="isplataNaSkrillod800" time="1.158" classname="MozzartRumunija.IsplataNaTekuci"/>
  <testcase name="isplataNaSkrillod600" time="1.188" classname="MozzartRumunija.IsplataNaTekuci"/>
</testsuite> <!-- MozzartRumunija.IsplataNaTekuci -->
