<?xml version="1.0" encoding="UTF-8"?>
<!-- Generated by org.testng.reporters.JUnitReportReporter -->
<testsuite skipped="0" hostname="F_Jakovlevski" name="MozzartSrbija.Login" tests="1" failures="0" timestamp="26 May 2020 12:33:48 GMT" time="1205968.750" errors="0">
  <testcase name="mozzartHomePage" time="1205968.750" classname="MozzartSrbija.Login"/>
</testsuite> <!-- MozzartSrbija.Login -->
