<?xml version="1.0" encoding="UTF-8"?>
<!-- Generated by org.testng.reporters.JUnitReportReporter -->
<testsuite skipped="0" hostname="F_Jakovlevski" name="MozzartRumunija.ProveraKazinoBalansa" tests="3" failures="0" timestamp="11 May 2020 10:52:28 GMT" time="9.660" errors="0">
  <testcase name="izvlacenjeBalansaIzJson" time="0.027" classname="MozzartRumunija.ProveraKazinoBalansa"/>
  <testcase name="balansWeb" time="9.632" classname="MozzartRumunija.ProveraKazinoBalansa"/>
  <testcase name="proveraBalansa" time="0.001" classname="MozzartRumunija.ProveraKazinoBalansa"/>
</testsuite> <!-- MozzartRumunija.ProveraKazinoBalansa -->
