<?xml version="1.0" encoding="UTF-8"?>
<!-- Generated by org.testng.reporters.JUnitReportReporter -->
<testsuite skipped="0" hostname="F_Jakovlevski" name="MozzartSrbija.PregledTransakcija" tests="1" failures="0" timestamp="15 May 2020 13:53:38 GMT" time="4.239" errors="0">
  <testcase name="transakcije" time="4.239" classname="MozzartSrbija.PregledTransakcija"/>
</testsuite> <!-- MozzartSrbija.PregledTransakcija -->
