<?xml version="1.0" encoding="UTF-8"?>
<!-- Generated by org.testng.reporters.JUnitReportReporter -->
<testsuite skipped="0" hostname="F_Jakovlevski" name="MozzartSrbija.Login" tests="1" failures="0" timestamp="04 Sep 2019 12:12:41 GMT" time="8.895" errors="0">
  <testcase name="MozzartHomePage" time="8.895" classname="MozzartSrbija.Login"/>
</testsuite> <!-- MozzartSrbija.Login -->
