<?xml version="1.0" encoding="UTF-8"?>
<!-- Generated by org.testng.reporters.JUnitReportReporter -->
<testsuite skipped="0" hostname="F_Jakovlevski" name="MozzartSrbija.tekme" tests="1" failures="0" timestamp="15 Nov 2019 14:59:34 GMT" time="7.824" errors="0">
  <testcase name="Mecevi" time="7.824" classname="MozzartSrbija.tekme"/>
</testsuite> <!-- MozzartSrbija.tekme -->
