<?xml version="1.0" encoding="UTF-8"?>
<!-- Generated by org.testng.reporters.JUnitReportReporter -->
<testsuite skipped="0" hostname="F_Jakovlevski" name="MozzartMalta.PregledTransakcija" tests="1" failures="0" timestamp="04 Sep 2019 11:00:28 GMT" time="5.137" errors="0">
  <testcase name="Transakcije" time="5.137" classname="MozzartMalta.PregledTransakcija"/>
</testsuite> <!-- MozzartMalta.PregledTransakcija -->
