<?xml version="1.0" encoding="UTF-8"?>
<!-- Generated by org.testng.reporters.JUnitReportReporter -->
<testsuite skipped="0" hostname="F_Jakovlevski" name="MozzartSrbija.Podaci_Baza" tests="3" failures="0" timestamp="11 May 2020 11:44:23 GMT" time="0.267" errors="0">
  <testcase name="id" time="0.252" classname="MozzartSrbija.Podaci_Baza"/>
  <testcase name="balance" time="0.014" classname="MozzartSrbija.Podaci_Baza"/>
  <testcase name="testBalance" time="0.001" classname="MozzartSrbija.Podaci_Baza"/>
</testsuite> <!-- MozzartSrbija.Podaci_Baza -->
