<?xml version="1.0" encoding="UTF-8"?>
<!-- Generated by org.testng.reporters.JUnitReportReporter -->
<testsuite skipped="0" hostname="F_Jakovlevski" name="MozzartMalta.PregledTransakcija" tests="1" failures="0" timestamp="27 Apr 2020 12:26:21 GMT" time="4.980" errors="0">
  <testcase name="transakcije" time="4.980" classname="MozzartMalta.PregledTransakcija"/>
</testsuite> <!-- MozzartMalta.PregledTransakcija -->
