<?xml version="1.0" encoding="UTF-8"?>
<!-- Generated by org.testng.reporters.JUnitReportReporter -->
<testsuite skipped="0" hostname="F_Jakovlevski" name="MozzartMalta.Registracija" tests="1" failures="0" timestamp="23 Jul 2019 07:37:36 GMT" time="17.279" errors="0">
  <testcase name="Registacija" time="17.279" classname="MozzartMalta.Registracija"/>
</testsuite> <!-- MozzartMalta.Registracija -->
