<?xml version="1.0" encoding="UTF-8"?>
<!-- Generated by org.testng.reporters.JUnitReportReporter -->
<testsuite skipped="0" hostname="F_Jakovlevski" name="MozzartRumunija.StatusLotoTiketa" tests="1" failures="0" timestamp="16 Apr 2020 07:03:53 GMT" time="4.209" errors="0">
  <testcase name="statusLotoTiketa" time="4.209" classname="MozzartRumunija.StatusLotoTiketa"/>
</testsuite> <!-- MozzartRumunija.StatusLotoTiketa -->
