<?xml version="1.0" encoding="UTF-8"?>
<!-- Generated by org.testng.reporters.JUnitReportReporter -->
<testsuite skipped="0" hostname="F_Jakovlevski" name="MozzartMalta.TestAllLinks" tests="1" failures="0" timestamp="27 Apr 2020 12:30:25 GMT" time="19.462" errors="0">
  <testcase name="mozzartHomePage" time="19.462" classname="MozzartMalta.TestAllLinks"/>
</testsuite> <!-- MozzartMalta.TestAllLinks -->
