<?xml version="1.0" encoding="UTF-8"?>
<!-- Generated by org.testng.reporters.JUnitReportReporter -->
<testsuite skipped="0" hostname="F_Jakovlevski" name="MozzartGermania.test" tests="1" failures="0" timestamp="09 Mar 2020 13:26:56 GMT" time="0.012" errors="0">
  <testcase name="isplataNaTekuci" time="0.012" classname="MozzartGermania.test"/>
</testsuite> <!-- MozzartGermania.test -->
