<?xml version="1.0" encoding="UTF-8"?>
<!-- Generated by org.testng.reporters.JUnitReportReporter -->
<testsuite skipped="0" hostname="F_Jakovlevski" name="MozzartMalta.PromenaPodataka" tests="1" failures="0" timestamp="02 Sep 2019 09:43:28 GMT" time="8.712" errors="0">
  <testcase name="PromenaPodataka" time="8.712" classname="MozzartMalta.PromenaPodataka"/>
</testsuite> <!-- MozzartMalta.PromenaPodataka -->
