<?xml version="1.0" encoding="UTF-8"?>
<!-- Generated by org.testng.reporters.JUnitReportReporter -->
<testsuite skipped="0" hostname="F_Jakovlevski" name="MozzartGermania.IsplataNaUm" tests="1" failures="0" timestamp="25 May 2020 11:15:32 GMT" time="6.307" errors="0">
  <testcase name="isplataNaUM" time="6.307" classname="MozzartGermania.IsplataNaUm"/>
</testsuite> <!-- MozzartGermania.IsplataNaUm -->
