<?xml version="1.0" encoding="UTF-8"?>
<!-- Generated by org.testng.reporters.JUnitReportReporter -->
<testsuite skipped="0" hostname="F_Jakovlevski" name="MozzartMalta.PromenaPodataka" tests="1" failures="0" timestamp="05 May 2020 10:20:53 GMT" time="5.208" errors="0">
  <testcase name="promenaPodataka" time="5.208" classname="MozzartMalta.PromenaPodataka"/>
</testsuite> <!-- MozzartMalta.PromenaPodataka -->
