<?xml version="1.0" encoding="UTF-8"?>
<!-- Generated by org.testng.reporters.JUnitReportReporter -->
<testsuite skipped="0" hostname="F_Jakovlevski" name="MozzartMalta.UplataVirtual" tests="1" failures="0" timestamp="02 Sep 2019 13:17:46 GMT" time="9.829" errors="0">
  <testcase name="Uplata" time="9.829" classname="MozzartMalta.UplataVirtual"/>
</testsuite> <!-- MozzartMalta.UplataVirtual -->
