<?xml version="1.0" encoding="UTF-8"?>
<!-- Generated by org.testng.reporters.JUnitReportReporter -->
<testsuite skipped="0" hostname="F_Jakovlevski" name="MozzartGermania.UplataLotoTiketa" tests="15" failures="0" timestamp="25 May 2020 13:03:59 GMT" time="52.736" errors="0">
  <testcase name="uplataGrckiloto2" time="2.986" classname="MozzartGermania.UplataLotoTiketa"/>
  <testcase name="uplataGrckiloto3" time="3.055" classname="MozzartGermania.UplataLotoTiketa"/>
  <testcase name="uplataGrckiloto" time="9.165" classname="MozzartGermania.UplataLotoTiketa"/>
  <testcase name="uplataGrckiloto1" time="2.914" classname="MozzartGermania.UplataLotoTiketa"/>
  <testcase name="uplataGrckilotoSistemski1" time="2.903" classname="MozzartGermania.UplataLotoTiketa"/>
  <testcase name="uplataGrckilotoSistemski6" time="3.940" classname="MozzartGermania.UplataLotoTiketa"/>
  <testcase name="uplataGrckilotoSistemski7" time="3.927" classname="MozzartGermania.UplataLotoTiketa"/>
  <testcase name="uplataGrckilotoSistemski5" time="3.359" classname="MozzartGermania.UplataLotoTiketa"/>
  <testcase name="uplataGrckilotoSistemski2" time="3.614" classname="MozzartGermania.UplataLotoTiketa"/>
  <testcase name="uplataGrckilotoSistemski3" time="3.251" classname="MozzartGermania.UplataLotoTiketa"/>
  <testcase name="uplataGrckilotoSistemski4" time="3.766" classname="MozzartGermania.UplataLotoTiketa"/>
  <testcase name="uplataGrckilotoSistemskiZaViseKola" time="4.317" classname="MozzartGermania.UplataLotoTiketa"/>
  <testcase name="uplataGrckilotoSingl" time="1.590" classname="MozzartGermania.UplataLotoTiketa"/>
  <testcase name="uplataGrckilotoSing1l" time="1.683" classname="MozzartGermania.UplataLotoTiketa"/>
  <testcase name="uplataGrckilotoSingl2" time="2.266" classname="MozzartGermania.UplataLotoTiketa"/>
</testsuite> <!-- MozzartGermania.UplataLotoTiketa -->
