<?xml version="1.0" encoding="UTF-8"?>
<!-- Generated by org.testng.reporters.JUnitReportReporter -->
<testsuite skipped="0" hostname="F_Jakovlevski" name="MozzartSrbija.IsplataNaTekuci" tests="1" failures="0" timestamp="03 Sep 2019 11:30:37 GMT" time="22.818" errors="0">
  <testcase name="Isplata" time="22.818" classname="MozzartSrbija.IsplataNaTekuci"/>
</testsuite> <!-- MozzartSrbija.IsplataNaTekuci -->
