<?xml version="1.0" encoding="UTF-8"?>
<!-- Generated by org.testng.reporters.JUnitReportReporter -->
<testsuite skipped="0" hostname="F_Jakovlevski" name="MozzartSrbija.UplataVirtual" tests="1" failures="0" timestamp="03 Sep 2019 12:12:46 GMT" time="10.556" errors="0">
  <testcase name="Uplata" time="10.556" classname="MozzartSrbija.UplataVirtual"/>
</testsuite> <!-- MozzartSrbija.UplataVirtual -->
