<?xml version="1.0" encoding="UTF-8"?>
<!-- Generated by org.testng.reporters.JUnitReportReporter -->
<testsuite skipped="0" hostname="F_Jakovlevski" name="MozzartGermania.IsplataNaUm" tests="1" failures="0" timestamp="04 Sep 2019 10:40:38 GMT" time="8.742" errors="0">
  <testcase name="Isplata" time="8.742" classname="MozzartGermania.IsplataNaUm"/>
</testsuite> <!-- MozzartGermania.IsplataNaUm -->
