<?xml version="1.0" encoding="UTF-8"?>
<!-- Generated by org.testng.reporters.JUnitReportReporter -->
<testsuite skipped="0" hostname="F_Jakovlevski" name="MozzartRumunija.IsplataNaUm" tests="1" failures="0" timestamp="03 Sep 2019 07:38:23 GMT" time="90.542" errors="0">
  <testcase name="Isplata" time="90.542" classname="MozzartRumunija.IsplataNaUm"/>
</testsuite> <!-- MozzartRumunija.IsplataNaUm -->
