<?xml version="1.0" encoding="UTF-8"?>
<!-- Generated by org.testng.reporters.JUnitReportReporter -->
<testsuite skipped="0" hostname="F_Jakovlevski" name="MozzartGermania.TestAllLinks" tests="1" failures="0" timestamp="11 May 2020 08:23:12 GMT" time="15.230" errors="0">
  <testcase name="mozzartHomePage" time="15.230" classname="MozzartGermania.TestAllLinks"/>
</testsuite> <!-- MozzartGermania.TestAllLinks -->
