<?xml version="1.0" encoding="UTF-8"?>
<!-- Generated by org.testng.reporters.JUnitReportReporter -->
<testsuite skipped="0" hostname="F_Jakovlevski" name="MozzartSrbija.ZapocniKladjenje" tests="2" failures="0" timestamp="22 May 2020 09:50:31 GMT" time="11.259" errors="0">
  <testcase name="login" time="7.781" classname="MozzartSrbija.ZapocniKladjenje"/>
  <testcase name="zapocniKladjenje" time="3.478" classname="MozzartSrbija.ZapocniKladjenje"/>
</testsuite> <!-- MozzartSrbija.ZapocniKladjenje -->
