<?xml version="1.0" encoding="UTF-8"?>
<!-- Generated by org.testng.reporters.JUnitReportReporter -->
<testsuite skipped="0" hostname="F_Jakovlevski" name="MozzartRumunija.RestartLozinke" tests="1" failures="0" timestamp="11 May 2020 10:55:08 GMT" time="20.581" errors="0">
  <testcase name="restartLozinke" time="20.581" classname="MozzartRumunija.RestartLozinke"/>
</testsuite> <!-- MozzartRumunija.RestartLozinke -->
