<?xml version="1.0" encoding="UTF-8"?>
<!-- Generated by org.testng.reporters.JUnitReportReporter -->
<testsuite skipped="0" hostname="F_Jakovlevski" name="MozzartGermania.Login" tests="1" failures="0" timestamp="29 Jul 2019 13:30:48 GMT" time="9.168" errors="0">
  <testcase name="MozzartHomePage" time="9.168" classname="MozzartGermania.Login"/>
</testsuite> <!-- MozzartGermania.Login -->
