<?xml version="1.0" encoding="UTF-8"?>
<!-- Generated by org.testng.reporters.JUnitReportReporter -->
<testsuite skipped="0" hostname="F_Jakovlevski" name="MozzartGermania.StatusSportskogTiketa" tests="1" failures="0" timestamp="11 May 2020 08:14:49 GMT" time="4.676" errors="0">
  <testcase name="statusSportskogTiketaGermania" time="4.676" classname="MozzartGermania.StatusSportskogTiketa"/>
</testsuite> <!-- MozzartGermania.StatusSportskogTiketa -->
