<?xml version="1.0" encoding="UTF-8"?>
<!-- Generated by org.testng.reporters.JUnitReportReporter -->
<testsuite skipped="0" hostname="F_Jakovlevski" name="MozzartMalta.IzvlacenjePonude" tests="3" failures="0" timestamp="27 May 2020 17:13:19 GMT" time="0.198" errors="0">
  <testcase name="maxIdKola" time="0.125" classname="MozzartMalta.IzvlacenjePonude"/>
  <testcase name="meceviID" time="0.034" classname="MozzartMalta.IzvlacenjePonude"/>
  <testcase name="upisMecevauJson" time="0.039" classname="MozzartMalta.IzvlacenjePonude"/>
</testsuite> <!-- MozzartMalta.IzvlacenjePonude -->
