<?xml version="1.0" encoding="UTF-8"?>
<!-- Generated by org.testng.reporters.JUnitReportReporter -->
<testsuite skipped="0" hostname="F_Jakovlevski" name="MozzartGermania.OibGenerator" tests="1" failures="0" timestamp="02 Sep 2019 10:32:29 GMT" time="11.526" errors="0">
  <testcase name="OIB" time="11.526" classname="MozzartGermania.OibGenerator"/>
</testsuite> <!-- MozzartGermania.OibGenerator -->
