<?xml version="1.0" encoding="UTF-8"?>
<!-- Generated by org.testng.reporters.JUnitReportReporter -->
<testsuite skipped="0" hostname="F_Jakovlevski" name="MozzartSrbija.SlanjeZaVerifikaciju" tests="1" failures="0" timestamp="04 Sep 2019 11:57:05 GMT" time="28.121" errors="0">
  <testcase name="Uplata" time="28.121" classname="MozzartSrbija.SlanjeZaVerifikaciju"/>
</testsuite> <!-- MozzartSrbija.SlanjeZaVerifikaciju -->
