<?xml version="1.0" encoding="UTF-8"?>
<!-- Generated by org.testng.reporters.JUnitReportReporter -->
<testsuite skipped="0" hostname="F_Jakovlevski" name="MozzartSrbija.RestartLozinke" tests="1" failures="0" timestamp="15 May 2020 13:55:03 GMT" time="20.486" errors="0">
  <testcase name="restartLozinke" time="20.486" classname="MozzartSrbija.RestartLozinke"/>
</testsuite> <!-- MozzartSrbija.RestartLozinke -->
