<?xml version="1.0" encoding="UTF-8"?>
<!-- Generated by org.testng.reporters.JUnitReportReporter -->
<testsuite skipped="0" hostname="F_Jakovlevski" name="MozzartSrbija.UplataBrzziTiket" tests="9" failures="0" timestamp="25 May 2020 08:40:04 GMT" time="131.640" errors="0">
  <testcase name="uplataBrzogTiketa4" time="14.289" classname="MozzartSrbija.UplataBrzziTiket"/>
  <testcase name="uplataBrzogTiketa5" time="27.736" classname="MozzartSrbija.UplataBrzziTiket"/>
  <testcase name="uplataBrzogSistemskogTiketa1" time="35.137" classname="MozzartSrbija.UplataBrzziTiket"/>
  <testcase name="uplataBrzogSistemskogTiketa2" time="7.628" classname="MozzartSrbija.UplataBrzziTiket"/>
  <testcase name="uplataBrzogSistemskogTiketa3" time="10.100" classname="MozzartSrbija.UplataBrzziTiket"/>
  <testcase name="uplataBrzogTiketa1" time="6.592" classname="MozzartSrbija.UplataBrzziTiket"/>
  <testcase name="uplataBrzogTiketa2" time="5.726" classname="MozzartSrbija.UplataBrzziTiket"/>
  <testcase name="uplataBrzogSistemskogTiketa4" time="16.589" classname="MozzartSrbija.UplataBrzziTiket"/>
  <testcase name="uplataBrzogTiketa3" time="7.843" classname="MozzartSrbija.UplataBrzziTiket"/>
</testsuite> <!-- MozzartSrbija.UplataBrzziTiket -->
