<?xml version="1.0" encoding="UTF-8"?>
<!-- Generated by org.testng.reporters.JUnitReportReporter -->
<testsuite skipped="0" hostname="F_Jakovlevski" name="MozzartSrbija.test" tests="2" failures="0" timestamp="03 Jan 2020 11:49:31 GMT" time="0.041" errors="0">
  <testcase name="izvlacenjeBalansa" time="0.038" classname="MozzartSrbija.test"/>
  <testcase name="izvlacenjeBalansaWeb" time="0.003" classname="MozzartSrbija.test"/>
</testsuite> <!-- MozzartSrbija.test -->
