<?xml version="1.0" encoding="UTF-8"?>
<!-- Generated by org.testng.reporters.JUnitReportReporter -->
<testsuite skipped="0" hostname="F_Jakovlevski" name="MozzartGermania.Login" tests="1" failures="0" timestamp="25 May 2020 13:03:59 GMT" time="12.294" errors="0">
  <testcase name="MozzartHomePage" time="12.294" classname="MozzartGermania.Login"/>
</testsuite> <!-- MozzartGermania.Login -->
