<?xml version="1.0" encoding="UTF-8"?>
<!-- Generated by org.testng.reporters.JUnitReportReporter -->
<testsuite skipped="0" hostname="F_Jakovlevski" name="MozzartGermania.PregledTransakcija" tests="1" failures="0" timestamp="11 May 2020 08:21:19 GMT" time="6.223" errors="0">
  <testcase name="pregledTransakcija" time="6.223" classname="MozzartGermania.PregledTransakcija"/>
</testsuite> <!-- MozzartGermania.PregledTransakcija -->
