<?xml version="1.0" encoding="UTF-8"?>
<!-- Generated by org.testng.reporters.JUnitReportReporter -->
<testsuite skipped="0" hostname="F_Jakovlevski" name="MozzartRumunija.PregledTransakcija" tests="1" failures="0" timestamp="30 Jul 2019 13:24:29 GMT" time="36.927" errors="0">
  <testcase name="Transakcije" time="36.927" classname="MozzartRumunija.PregledTransakcija"/>
</testsuite> <!-- MozzartRumunija.PregledTransakcija -->
