<?xml version="1.0" encoding="UTF-8"?>
<!-- Generated by org.testng.reporters.JUnitReportReporter -->
<testsuite skipped="0" hostname="F_Jakovlevski" name="MozzartGermania.UplataSistemskogTiketa" tests="4" failures="0" timestamp="11 May 2020 07:39:21 GMT" time="31.804" errors="0">
  <testcase name="uplataSistemskogTiketa2" time="6.359" classname="MozzartGermania.UplataSistemskogTiketa"/>
  <testcase name="uplataSistemskogTiketa3" time="14.818" classname="MozzartGermania.UplataSistemskogTiketa"/>
  <testcase name="uplataSistemskogTiketa1" time="5.330" classname="MozzartGermania.UplataSistemskogTiketa"/>
  <testcase name="uplataSistemskogTiketa" time="5.297" classname="MozzartGermania.UplataSistemskogTiketa"/>
</testsuite> <!-- MozzartGermania.UplataSistemskogTiketa -->
