<?xml version="1.0" encoding="UTF-8"?>
<!-- Generated by org.testng.reporters.JUnitReportReporter -->
<testsuite skipped="0" hostname="F_Jakovlevski" name="MozzartGermania.UplataLotoTiketa" tests="1" failures="0" timestamp="04 Sep 2019 10:52:47 GMT" time="25.862" errors="0">
  <testcase name="UplataGrckiloto" time="25.862" classname="MozzartGermania.UplataLotoTiketa"/>
</testsuite> <!-- MozzartGermania.UplataLotoTiketa -->
