<?xml version="1.0" encoding="UTF-8"?>
<!-- Generated by org.testng.reporters.JUnitReportReporter -->
<testsuite skipped="0" hostname="F_Jakovlevski" name="MozzartRumunija.SportskiKodTiketa" tests="1" failures="0" timestamp="11 May 2020 10:08:12 GMT" time="2.454" errors="0">
  <testcase name="sportskiKodTiket" time="2.454" classname="MozzartRumunija.SportskiKodTiketa"/>
</testsuite> <!-- MozzartRumunija.SportskiKodTiketa -->
