<?xml version="1.0" encoding="UTF-8"?>
<!-- Generated by org.testng.reporters.JUnitReportReporter -->
<testsuite skipped="0" hostname="F_Jakovlevski" name="MozzartMalta.UplataVirtual" tests="5" failures="0" timestamp="23 Apr 2020 10:31:18 GMT" time="28.887" errors="0">
  <testcase name="uplataVirtualTiketa3" time="4.791" classname="MozzartMalta.UplataVirtual"/>
  <testcase name="uplataVirtualTiketa1" time="9.443" classname="MozzartMalta.UplataVirtual"/>
  <testcase name="uplataVirtualTiketa4" time="4.847" classname="MozzartMalta.UplataVirtual"/>
  <testcase name="uplataVirtualTiketa2" time="4.917" classname="MozzartMalta.UplataVirtual"/>
  <testcase name="uplataVirtualTiketa5" time="4.889" classname="MozzartMalta.UplataVirtual"/>
</testsuite> <!-- MozzartMalta.UplataVirtual -->
