<?xml version="1.0" encoding="UTF-8"?>
<!-- Generated by org.testng.reporters.JUnitReportReporter -->
<testsuite skipped="0" hostname="F_Jakovlevski" name="MozzartRumunija.PregledTransakcija" tests="1" failures="0" timestamp="03 Sep 2019 09:22:21 GMT" time="37.068" errors="0">
  <testcase name="Transakcije" time="37.068" classname="MozzartRumunija.PregledTransakcija"/>
</testsuite> <!-- MozzartRumunija.PregledTransakcija -->
