<?xml version="1.0" encoding="UTF-8"?>
<!-- Generated by org.testng.reporters.JUnitReportReporter -->
<testsuite skipped="0" hostname="F_Jakovlevski" name="MozzartRumunija.SlanjeZaVerifikaciju" tests="1" failures="0" timestamp="03 Sep 2019 10:14:57 GMT" time="74.257" errors="0">
  <testcase name="Uplata" time="74.257" classname="MozzartRumunija.SlanjeZaVerifikaciju"/>
</testsuite> <!-- MozzartRumunija.SlanjeZaVerifikaciju -->
