<?xml version="1.0" encoding="UTF-8"?>
<!-- Generated by org.testng.reporters.JUnitReportReporter -->
<testsuite skipped="0" hostname="F_Jakovlevski" name="MozzartRumunija.UplataLotoTiketa" tests="15" failures="0" timestamp="12 May 2020 14:36:30 GMT" time="165.489" errors="0">
  <testcase name="uplataGrckiLoto2" time="12.892" classname="MozzartRumunija.UplataLotoTiketa"/>
  <testcase name="uplataGrckiLotoSistem5" time="13.291" classname="MozzartRumunija.UplataLotoTiketa"/>
  <testcase name="uplataGrckiLotoSistem" time="12.809" classname="MozzartRumunija.UplataLotoTiketa"/>
  <testcase name="uplataGrckiLotoSistem2" time="12.406" classname="MozzartRumunija.UplataLotoTiketa"/>
  <testcase name="uplataGrckiLotoSistem1" time="12.949" classname="MozzartRumunija.UplataLotoTiketa"/>
  <testcase name="uplataGrckiLoto3" time="12.438" classname="MozzartRumunija.UplataLotoTiketa"/>
  <testcase name="uplataGrckiLoto1" time="12.347" classname="MozzartRumunija.UplataLotoTiketa"/>
  <testcase name="uplataGrckiLotoSistem4" time="12.608" classname="MozzartRumunija.UplataLotoTiketa"/>
  <testcase name="uplataGrckiLotoSistem6" time="13.402" classname="MozzartRumunija.UplataLotoTiketa"/>
  <testcase name="uplataGrckiLotoSistem3" time="12.559" classname="MozzartRumunija.UplataLotoTiketa"/>
  <testcase name="uplataGrckiLoto" time="17.433" classname="MozzartRumunija.UplataLotoTiketa"/>
  <testcase name="uplataGrckiLotoZaViseKola" time="14.185" classname="MozzartRumunija.UplataLotoTiketa"/>
  <testcase name="uplataGrckiLotoSingl" time="2.078" classname="MozzartRumunija.UplataLotoTiketa"/>
  <testcase name="uplataGrckiLotoSingl1" time="2.048" classname="MozzartRumunija.UplataLotoTiketa"/>
  <testcase name="uplataGrckiLotoSingl2" time="2.044" classname="MozzartRumunija.UplataLotoTiketa"/>
</testsuite> <!-- MozzartRumunija.UplataLotoTiketa -->
