<?xml version="1.0" encoding="UTF-8"?>
<!-- Generated by org.testng.reporters.JUnitReportReporter -->
<testsuite skipped="0" hostname="F_Jakovlevski" name="MozzartRumunija.IsplataNaUm" tests="1" failures="0" timestamp="04 Sep 2019 11:22:38 GMT" time="135.626" errors="0">
  <testcase name="Isplata" time="135.626" classname="MozzartRumunija.IsplataNaUm"/>
</testsuite> <!-- MozzartRumunija.IsplataNaUm -->
