<?xml version="1.0" encoding="UTF-8"?>
<!-- Generated by org.testng.reporters.JUnitReportReporter -->
<testsuite skipped="0" hostname="F_Jakovlevski" name="MozzartSrbija.IsplataNaTekuci" tests="1" failures="0" timestamp="04 Sep 2019 11:52:52 GMT" time="21.743" errors="0">
  <testcase name="Isplata" time="21.743" classname="MozzartSrbija.IsplataNaTekuci"/>
</testsuite> <!-- MozzartSrbija.IsplataNaTekuci -->
