<?xml version="1.0" encoding="UTF-8"?>
<!-- Generated by org.testng.reporters.JUnitReportReporter -->
<testsuite skipped="0" hostname="F_Jakovlevski" name="MozzartGermania.TransferNovca" tests="2" failures="0" timestamp="11 May 2020 08:15:25 GMT" time="9.631" errors="0">
  <testcase name="transfer" time="5.495" classname="MozzartGermania.TransferNovca"/>
  <testcase name="brziTransfer" time="4.136" classname="MozzartGermania.TransferNovca"/>
</testsuite> <!-- MozzartGermania.TransferNovca -->
