<?xml version="1.0" encoding="UTF-8"?>
<!-- Generated by org.testng.reporters.JUnitReportReporter -->
<testsuite skipped="0" hostname="F_Jakovlevski" name="MozzartRumunija.UplataBrzziTiket" tests="1" failures="0" timestamp="03 Sep 2019 10:39:53 GMT" time="19.751" errors="0">
  <testcase name="Uplata" time="19.751" classname="MozzartRumunija.UplataBrzziTiket"/>
</testsuite> <!-- MozzartRumunija.UplataBrzziTiket -->
