<?xml version="1.0" encoding="UTF-8"?>
<!-- Generated by org.testng.reporters.JUnitReportReporter -->
<testsuite skipped="0" hostname="F_Jakovlevski" name="MozzartSrbija.IsplataNaUm" tests="1" failures="0" timestamp="04 Sep 2019 11:53:53 GMT" time="11.004" errors="0">
  <testcase name="Isplata" time="11.004" classname="MozzartSrbija.IsplataNaUm"/>
</testsuite> <!-- MozzartSrbija.IsplataNaUm -->
