<?xml version="1.0" encoding="UTF-8"?>
<!-- Generated by org.testng.reporters.JUnitReportReporter -->
<testsuite skipped="0" hostname="F_Jakovlevski" name="MozzartSrbija.UplataGrckiTomboTiket" tests="5" failures="0" timestamp="25 May 2020 09:05:51 GMT" time="66.771" errors="0">
  <testcase name="UplataG3" time="12.411" classname="MozzartSrbija.UplataGrckiTomboTiket"/>
  <testcase name="UplataGZaViseKola" time="13.064" classname="MozzartSrbija.UplataGrckiTomboTiket"/>
  <testcase name="UplataG4" time="12.598" classname="MozzartSrbija.UplataGrckiTomboTiket"/>
  <testcase name="UplataG5" time="12.672" classname="MozzartSrbija.UplataGrckiTomboTiket"/>
  <testcase name="UplataG2" time="16.026" classname="MozzartSrbija.UplataGrckiTomboTiket"/>
</testsuite> <!-- MozzartSrbija.UplataGrckiTomboTiket -->
