<?xml version="1.0" encoding="UTF-8"?>
<!-- Generated by org.testng.reporters.JUnitReportReporter -->
<testsuite skipped="0" hostname="F_Jakovlevski" name="MozzartMalta.Login" tests="1" failures="0" timestamp="04 Sep 2019 11:12:51 GMT" time="9.487" errors="0">
  <testcase name="MozzartHomePage" time="9.487" classname="MozzartMalta.Login"/>
</testsuite> <!-- MozzartMalta.Login -->
