<?xml version="1.0" encoding="UTF-8"?>
<!-- Generated by org.testng.reporters.JUnitReportReporter -->
<testsuite skipped="0" hostname="F_Jakovlevski" name="MozzartSrbija.UplataTiketa" tests="5" failures="0" timestamp="25 May 2020 08:40:04 GMT" time="65.245" errors="0">
  <testcase name="uplataTiketa2" time="8.669" classname="MozzartSrbija.UplataTiketa"/>
  <testcase name="uplataTiketa1" time="8.247" classname="MozzartSrbija.UplataTiketa"/>
  <testcase name="uplataSingla" time="9.265" classname="MozzartSrbija.UplataTiketa"/>
  <testcase name="uplataTiketa4" time="27.497" classname="MozzartSrbija.UplataTiketa"/>
  <testcase name="uplataTiketa3" time="11.567" classname="MozzartSrbija.UplataTiketa"/>
</testsuite> <!-- MozzartSrbija.UplataTiketa -->
