<?xml version="1.0" encoding="UTF-8"?>
<!-- Generated by org.testng.reporters.JUnitReportReporter -->
<testsuite skipped="0" hostname="F_Jakovlevski" name="MozzartRumunija.IsplataNaTekuci" tests="1" failures="0" timestamp="03 Sep 2019 07:30:33 GMT" time="114.859" errors="0">
  <testcase name="Isplata" time="114.859" classname="MozzartRumunija.IsplataNaTekuci"/>
</testsuite> <!-- MozzartRumunija.IsplataNaTekuci -->
