<?xml version="1.0" encoding="UTF-8"?>
<!-- Generated by org.testng.reporters.JUnitReportReporter -->
<testsuite skipped="0" hostname="F_Jakovlevski" name="MozzartGermania.UplataVaucerTiket" tests="1" failures="0" timestamp="11 May 2020 07:55:18 GMT" time="15.188" errors="0">
  <testcase name="uplataVaucerTiketa" time="15.188" classname="MozzartGermania.UplataVaucerTiket"/>
</testsuite> <!-- MozzartGermania.UplataVaucerTiket -->
