<?xml version="1.0" encoding="UTF-8"?>
<!-- Generated by org.testng.reporters.JUnitReportReporter -->
<testsuite skipped="0" hostname="F_Jakovlevski" name="MozzartGermania.IsplataNaTekuci" tests="1" failures="0" timestamp="04 Sep 2019 10:34:47 GMT" time="23.245" errors="0">
  <testcase name="Isplata" time="23.245" classname="MozzartGermania.IsplataNaTekuci"/>
</testsuite> <!-- MozzartGermania.IsplataNaTekuci -->
