<?xml version="1.0" encoding="UTF-8"?>
<!-- Generated by org.testng.reporters.JUnitReportReporter -->
<testsuite skipped="0" hostname="F_Jakovlevski" name="MozzartMalta.PromenaPassworda" tests="1" failures="0" timestamp="05 May 2020 10:03:40 GMT" time="2.685" errors="0">
  <testcase name="promenaPassworda" time="2.685" classname="MozzartMalta.PromenaPassworda"/>
</testsuite> <!-- MozzartMalta.PromenaPassworda -->
